Iteration	Posterior	Likelihood	Prior	rate_log_sd	rate_loss	rate_neo	tree_length
0	-5706.486	-5878.397	171.9114	1.082348	1.688915	0.2086372	5.340281
6	-5698.022	-5870.439	172.4172	1.09502	1.688915	0.2269475	5.024554
12	-5706.087	-5877.32	171.2335	1.063147	1.505604	0.2520777	5.728244
18	-5708.136	-5878.585	170.4496	0.9781509	1.620541	0.2520777	6.158025
24	-5713.479	-5885.81	172.331	1.089655	1.329946	0.2530418	5.182343
30	-5704.109	-5876.939	172.8298	1.231796	1.25133	0.3280308	4.762639
36	-5696.138	-5869.706	173.5681	1.156185	1.25133	0.2910782	4.438274
42	-5715.58	-5885.686	170.1062	1.021631	1.384667	0.2841839	6.371419
48	-5715.903	-5886.193	170.2909	0.9358313	1.262317	0.2841839	6.371419
54	-5712.837	-5883.494	170.6568	1.052513	1.366249	0.2363601	6.129593
60	-5708.149	-5878.234	170.0848	0.9543068	1.42371	0.2837393	6.403747
66	-5706.357	-5881.359	175.0029	1.364928	1.417835	0.3183994	3.382168
72	-5719.756	-5894.616	174.8594	1.331911	1.363191	0.2507947	3.605268
78	-5719.163	-5893.86	174.6976	1.301464	1.237468	0.2821618	3.730579
84	-5710.803	-5882.581	171.7773	1.103347	1.5606	0.2568702	5.378757
90	-5695.892	-5868.016	172.1241	1.055307	1.310238	0.2568702	5.319031
96	-5711.04	-5883.4	172.3603	1.194154	1.450307	0.2568702	5.050784
102	-5696.612	-5869.26	172.6479	1.222419	1.450307	0.2743367	4.850614
108	-5700.391	-5871.549	171.1583	1.021804	1.38919	0.2487567	5.844882
114	-5699.35	-5871.575	172.2247	1.109084	1.38919	0.2487567	5.210651
120	-5701.139	-5873.615	172.4757	1.043662	1.117752	0.2771726	5.195041
126	-5705.349	-5875.896	170.547	0.942702	1.117752	0.2771726	6.306803
132	-5698.073	-5868.842	170.7689	0.9184761	1.243423	0.285791	6.127648
138	-5708.392	-5879.666	171.2738	1.04656	1.747354	0.2658349	5.604444
144	-5708.4	-5878.16	169.7607	1.063171	1.747354	0.1909293	6.533193
150	-5714.989	-5884.626	169.6367	0.9716152	1.8659	0.2406013	6.532112
156	-5714.871	-5886.012	171.1411	1.110366	1.356808	0.1883007	5.913772
162	-5708.176	-5879.013	170.8367	1.111467	1.646046	0.218927	5.913772
168	-5701.941	-5872.11	170.1688	1.010529	1.646046	0.250099	6.286354
174	-5704.283	-5875.551	171.2674	1.027805	1.646046	0.250099	5.677483
180	-5711.835	-5884.569	172.7337	1.152985	1.93052	0.1722103	4.822103
186	-5710.045	-5881.668	171.6229	1.149589	1.93052	0.3170255	5.225077
192	-5716.376	-5889.038	172.6626	1.222787	1.93052	0.1965036	4.780326
198	-5715.23	-5886.624	171.3946	1.148992	1.93052	0.1905232	5.533493
204	-5710.848	-5882.347	171.499	1.200925	1.93052	0.2120896	5.412142
210	-5698.103	-5870.783	172.6807	1.228008	1.683187	0.232656	4.79722
216	-5708.332	-5880.133	171.8011	1.253488	1.826766	0.1556106	5.349773
222	-5702.139	-5872.245	170.1053	1.095399	1.826766	0.2428394	6.220705
228	-5700.884	-5870.558	169.6738	1.051396	1.68578	0.2738377	6.485407
234	-5703.857	-5872.907	169.0496	0.9597751	1.458048	0.2744021	6.958556
240	-5701.382	-5871.045	169.6627	0.9237532	1.458048	0.2744021	6.647108
246	-5704.08	-5873.575	169.4952	0.9766242	1.617136	0.2744021	6.647108
252	-5704.863	-5876.424	171.5607	1.068335	1.603326	0.2744021	5.476424
258	-5724.371	-5895.931	171.5595	1.06952	1.603326	0.2744021	5.476424
264	-5720.032	-5891.129	171.0977	1.064765	1.714672	0.2751863	5.690053
270	-5724.663	-5896.062	171.3988	1.180547	1.176523	0.3064242	5.64542
276	-5709.836	-5882.672	172.8363	1.203433	1.176523	0.2810039	4.871536
282	-5709.236	-5881.299	172.0622	1.085055	1.586756	0.2269993	5.265388
288	-5711.171	-5880.96	169.7889	1.035956	1.676042	0.2199208	6.512021
294	-5722.385	-5893.377	170.9922	1.163251	1.432693	0.2477255	5.841542
300	-5708.022	-5878.812	170.7901	1.026858	1.283197	0.2477255	6.090977
306	-5714.247	-5885.235	170.9888	1.089429	1.202325	0.2671207	5.9588
312	-5708.881	-5880.036	171.1548	1.004987	1.315611	0.2323489	5.911975
318	-5709.556	-5880.551	170.9945	1.076707	1.428204	0.2323489	5.911975
324	-5706.953	-5878.68	171.7274	1.032745	1.123714	0.2323489	5.673951
330	-5709.741	-5881.21	171.4685	1.062267	1.28598	0.2660374	5.673951
336	-5707.625	-5877.527	169.902	0.9141946	1.28598	0.2739252	6.596778
342	-5703.393	-5873.532	170.1388	0.9695859	1.10321	0.2235779	6.596778
348	-5710.691	-5880.168	169.4768	0.990149	1.347403	0.3265128	6.692328
354	-5714.883	-5886.277	171.3938	1.049975	1.430746	0.209731	5.742003
360	-5726.059	-5896.024	169.9648	1.074166	1.267696	0.1934456	6.603562
366	-5710.851	-5882.151	171.3001	1.088465	1.554469	0.2414743	5.673827
372	-5724.843	-5895.622	170.7797	0.9754574	1.474888	0.2414743	6.051774
378	-5705.28	-5875.997	170.7177	0.9400392	1.223715	0.2344174	6.224301
384	-5704.375	-5875.612	171.237	1.015183	1.328412	0.2982351	5.764827
390	-5705.617	-5877.014	171.3969	1.033181	1.760875	0.2910836	5.5054
396	-5705.288	-5879.373	174.0848	1.222387	1.257965	0.2910836	4.104993
402	-5705.55	-5878.475	172.9246	1.105754	1.34429	0.2031276	4.914304
408	-5717.492	-5889.776	172.2836	1.003199	1.395304	0.2093361	5.294116
414	-5710.601	-5882.466	171.8646	1.104742	1.303528	0.2426685	5.45827
420	-5694.9	-5865.548	170.6474	1.142525	1.611791	0.2426685	5.977425
426	-5704.085	-5876.351	172.2663	1.127327	1.611791	0.2353213	5.106745
432	-5698.987	-5871.41	172.4225	1.181117	1.388833	0.2619549	5.042443
438	-5705.623	-5876.871	171.2484	1.149642	1.250131	0.2619549	5.768729
444	-5695.778	-5867.28	171.5019	1.035093	1.098247	0.2384252	5.800043
450	-5706.098	-5878.016	171.9185	1.096596	1.064035	0.2384252	5.555603
456	-5695.238	-5868.21	172.9716	1.119788	1.37555	0.3224017	4.696474
462	-5718.714	-5891.395	172.6814	1.132792	1.121698	0.3480855	4.939999
468	-5703.894	-5876.989	173.0948	1.123146	0.9485823	0.2481581	4.939999
474	-5712.922	-5886.876	173.9537	1.131833	1.345451	0.2269532	4.283432
480	-5725.732	-5898.187	172.455	1.065242	1.171462	0.2880117	5.15317
486	-5721.578	-5894.286	172.7076	1.186182	1.490301	0.3032851	4.782353
492	-5703.344	-5875.008	171.6634	1.062942	1.231945	0.2224975	5.654957
498	-5707.078	-5879.003	171.9257	1.128121	1.452927	0.2224975	5.377556
504	-5706.433	-5878.319	171.8856	1.168227	1.452927	0.2224975	5.377556
510	-5710.759	-5882.73	171.9704	1.071322	1.282886	0.2443162	5.425391
516	-5716.322	-5887.968	171.6465	1.084935	1.364367	0.2246184	5.589266
522	-5721.324	-5891.636	170.3121	1.029818	1.215631	0.2841566	6.33053
528	-5709.128	-5879.51	170.382	0.9436453	1.336326	0.1986567	6.409312
534	-5714.766	-5885.972	171.2064	1.006231	1.45231	0.2323197	5.824728
540	-5717.301	-5887.741	170.4403	1.036536	1.764614	0.2323197	6.107483
546	-5711.978	-5881.941	169.9632	1.042172	1.552417	0.2110694	6.474444
552	-5721.093	-5891.759	170.6657	1.04522	1.348239	0.1982932	6.195495
558	-5721.18	-5892.322	171.1418	1.093934	1.348239	0.2294787	5.860451
564	-5721.474	-5894.101	172.627	1.245426	1.467951	0.2301265	4.906184
570	-5706.924	-5879.17	172.2454	1.135142	1.467951	0.2301265	5.179199
576	-5720.24	-5891.087	170.8472	1.061863	1.467951	0.3794409	5.79752
582	-5724.592	-5895.64	171.0478	1.022599	1.467951	0.3041978	5.79752
588	-5721.405	-5892.594	171.1888	1.061559	1.388201	0.3041978	5.732319
594	-5710.05	-5881.65	171.5998	1.024151	1.296399	0.2704848	5.612011
600	-5715.658	-5885.362	169.704	0.8901917	1.270669	0.3147491	6.671572
606	-5711.025	-5880.875	169.8502	0.8787742	1.191571	0.2859184	6.671572
612	-5705.56	-5875.252	169.6925	0.9661468	1.300456	0.2768995	6.671572
618	-5707.799	-5878.307	170.5086	0.9907161	1.300456	0.2968692	6.189783
624	-5713.56	-5884.792	171.2324	1.071514	1.63685	0.2968692	5.612665
630	-5716.577	-5887.657	171.0799	1.006769	1.403073	0.2809459	5.845685
636	-5710.381	-5880.403	170.0223	0.97267	1.403073	0.2209479	6.524906
642	-5719.724	-5889.355	169.6313	0.9762902	1.403073	0.2734663	6.659601
648	-5713.049	-5884.601	171.5527	0.9820246	1.657659	0.2328452	5.566965
654	-5719.148	-5889.045	169.8978	1.002505	1.772681	0.2328452	6.417188
660	-5718.073	-5888.392	170.3187	0.9373007	1.283935	0.2328452	6.417188
666	-5731.986	-5899.839	167.8531	0.8671141	1.301946	0.2328452	7.773555
672	-5718.452	-5888.95	170.4984	0.9916303	1.281017	0.2235103	6.30553
678	-5720.51	-5891.591	171.0816	1.049426	1.030997	0.2235103	6.079059
684	-5713.487	-5885.636	172.1496	1.083437	1.276563	0.2456324	5.320867
690	-5718.289	-5889.123	170.8343	1.091411	1.28054	0.2456324	6.035967
696	-5711.043	-5881.349	170.3062	0.9552363	1.606358	0.2517342	6.254268
702	-5704.998	-5877.209	172.2102	1.025792	1.405055	0.2283791	5.288196
708	-5716.25	-5887.017	170.7673	1.011052	1.536608	0.2283791	6.033908
714	-5700.408	-5872.464	172.0567	1.065334	1.247683	0.2589017	5.376436
720	-5699.777	-5872.201	172.4238	1.211528	1.679545	0.2089468	4.988038
726	-5710.717	-5883.253	172.5364	1.184878	1.679545	0.221051	4.920965
732	-5722.249	-5894.243	171.9944	1.052106	1.064646	0.2712286	5.491374
738	-5719.051	-5891.404	172.3534	1.134123	1.585607	0.2219934	5.085234
744	-5718.446	-5890.126	171.6797	1.155139	1.725048	0.2632851	5.332906
750	-5719.022	-5891.018	171.9967	1.138095	1.441975	0.2677676	5.271316
756	-5717.478	-5888.658	171.18	1.072684	1.651707	0.2482907	5.701258
762	-5712.181	-5882.391	170.2095	1.019951	1.651707	0.2751818	6.222454
768	-5718.066	-5888.3	170.2345	0.9962509	1.199128	0.2751818	6.410434
774	-5710.952	-5882.242	171.2903	1.093623	1.156601	0.3109561	5.756517
780	-5708.583	-5880.844	172.2614	1.135206	1.156601	0.2006012	5.357414
786	-5706.504	-5879.616	173.1124	1.136201	1.096834	0.2050787	4.908324
792	-5714.908	-5886.333	171.4251	1.064343	1.287129	0.2503913	5.71805
798	-5708.883	-5880.513	171.6296	1.098186	1.22577	0.2718826	5.585633
804	-5699.524	-5872.72	173.196	1.174746	1.174086	0.2453738	4.738373
810	-5693.942	-5866.302	172.3601	1.120906	1.347878	0.2890441	5.091341
816	-5703.109	-5873.601	170.4921	0.9911686	1.347878	0.1839455	6.343237
822	-5707.349	-5877.95	170.6007	0.9722269	1.347878	0.2696187	6.164742
828	-5706.523	-5878.071	171.548	1.049096	1.645971	0.2073517	5.576649
834	-5704.584	-5875.094	170.5097	1.008789	1.453663	0.2741855	6.143635
840	-5714.953	-5887.746	172.7927	1.22943	1.568631	0.1972099	4.834739
846	-5716.021	-5888.893	172.8716	1.122952	1.681438	0.2663086	4.700622
852	-5717.969	-5887.951	169.9817	1.009303	1.681438	0.2251835	6.411999
858	-5720.134	-5890.173	170.0385	1.010339	1.597042	0.2251835	6.411999
864	-5719.666	-5889.465	169.7995	0.9592698	1.661018	0.2251835	6.545304
870	-5725.436	-5895.793	170.3562	0.9970183	1.399375	0.2824509	6.245079
876	-5715.419	-5886.453	171.0339	1.059741	1.331103	0.2570232	5.905589
882	-5713.139	-5884.265	171.1256	1.033429	1.580366	0.2645987	5.756655
888	-5716.567	-5888.754	172.1866	1.199694	1.278692	0.3227289	5.132076
894	-5711.94	-5882.562	170.622	0.9542421	1.28696	0.3228497	6.121681
900	-5718.405	-5888.594	170.1888	1.090892	1.28696	0.3228497	6.282955
906	-5722.533	-5892.106	169.5731	0.9817682	1.308519	0.2388923	6.776724
912	-5712.218	-5881.517	169.2991	0.9649148	1.150788	0.2303959	7.018775
918	-5712.728	-5883.067	170.3385	1.039133	1.271379	0.2591934	6.319113
924	-5716.804	-5890.167	173.3639	1.240768	1.352051	0.3305509	4.408474
930	-5724.466	-5894.578	170.1122	1.013375	1.29602	0.2022741	6.529605
936	-5726.171	-5897.705	171.5334	1.107071	1.393388	0.2022741	5.661983
942	-5711.464	-5884.289	172.8245	1.182184	1.311841	0.2305094	4.898582
948	-5708.881	-5880.994	172.113	1.146475	1.219511	0.2354631	5.347913
954	-5717.472	-5889.544	172.0714	1.147475	1.370437	0.2545309	5.273937
960	-5704.495	-5875.804	171.3086	1.096449	1.370437	0.2545309	5.721591
966	-5707.493	-5878.612	171.1183	1.104728	1.370437	0.2601679	5.81334
972	-5715.607	-5887.559	171.9515	1.096579	1.400666	0.2601679	5.347197
978	-5711.565	-5884.057	172.4922	1.120074	1.186921	0.278303	5.10762
984	-5722.001	-5894.464	172.4624	1.208258	1.340638	0.2134939	5.098937
990	-5715.288	-5886.825	171.5373	1.0739	1.491065	0.278303	5.525222
996	-5716.784	-5889.916	173.132	1.091872	1.271473	0.2033677	4.839179
1002	-5715.904	-5887.974	172.0704	1.234254	1.568033	0.1981686	5.231664
1008	-5719.813	-5891.822	172.0085	1.132266	1.568033	0.3163439	5.153174
1014	-5709.684	-5881.65	171.9663	1.109075	1.606761	0.2295499	5.293495
1020	-5721.202	-5893.327	172.125	1.174818	1.504195	0.2295499	5.20989
1026	-5732.541	-5903.547	171.0052	1.130543	1.176991	0.3240893	5.866234
1032	-5722.155	-5892.978	170.8232	0.9710138	1.085861	0.2478667	6.197818
1038	-5702.274	-5872.52	170.2466	0.960695	1.49431	0.2478667	6.332785
1044	-5702.738	-5872.532	169.7942	0.9845416	1.49431	0.2307997	6.589869
1050	-5705.039	-5875.24	170.2011	0.9842125	1.611625	0.2307997	6.324046
1056	-5708.913	-5880.543	171.6299	1.081142	1.611625	0.160676	5.607527
1062	-5706.133	-5876.868	170.7346	0.9935195	1.611625	0.1914588	6.090829
1068	-5709.132	-5880.606	171.4739	1.019275	1.64285	0.2326425	5.595627
1074	-5717.128	-5887.53	170.402	1.116085	1.342453	0.1954715	6.307401
1080	-5710.78	-5883.022	172.2429	1.113074	1.459536	0.1775662	5.282291
1086	-5718.313	-5889.899	171.5855	1.101735	1.255486	0.2616614	5.608108
1092	-5725.763	-5898.148	172.3852	1.222648	1.393562	0.1965573	5.13826
1098	-5721.397	-5894.45	173.0531	1.285917	1.500134	0.1965573	4.686358
1104	-5707.369	-5880.638	173.2687	1.212732	1.31568	0.1965573	4.686358
1110	-5713.594	-5886.241	172.647	1.1955	1.06556	0.2078052	5.145738
1116	-5716.741	-5889.362	172.6216	1.183941	1.437412	0.3103623	4.844587
1122	-5716.08	-5887.6	171.5204	1.089246	1.346792	0.3000169	5.558401
1128	-5718.414	-5889.92	171.506	1.055796	1.346792	0.1951065	5.737007
1134	-5718.925	-5889.082	170.157	1.02946	1.538703	0.1951065	6.407208
1140	-5710.642	-5881.924	171.2821	1.085325	1.41349	0.1951065	5.814804
1146	-5701.907	-5872.739	170.8317	1.017121	1.41349	0.1951065	6.09785
1152	-5700.645	-5871.151	170.5061	1.000837	1.193454	0.1951065	6.381685
1158	-5711.525	-5880.781	169.2566	1.032532	1.462612	0.1910017	6.929219
1164	-5707.363	-5879.335	171.9715	1.020087	1.370384	0.226117	5.441322
1170	-5711.115	-5884.104	172.9891	1.145356	1.370384	0.2612108	4.75591
1176	-5690.448	-5862.879	172.4305	1.116615	1.370384	0.2612108	5.082859
1182	-5704.113	-5875.865	171.7513	1.1165	1.370384	0.2554266	5.466252
1188	-5703.679	-5874.245	170.5657	0.9623876	1.370384	0.2512439	6.204888
1194	-5719.426	-5891.187	171.7611	1.03583	1.129575	0.2512439	5.623181
1200	-5718.522	-5891.335	172.813	1.179562	1.147575	0.2461977	4.961161
1206	-5701.614	-5874.506	172.8929	1.100726	1.133594	0.2461977	4.967613
1212	-5717.073	-5890.259	173.1855	1.255661	1.544564	0.2461977	4.532539
1218	-5709.121	-5881.919	172.798	1.174369	1.544564	0.2461977	4.795084
1224	-5702.673	-5874.361	171.6878	1.094408	1.165371	0.2173884	5.664077
1230	-5697.121	-5869.327	172.206	1.15771	1.403648	0.1914891	5.277455
1236	-5705.943	-5878.015	172.0716	1.138767	1.435952	0.233345	5.281711
1242	-5713.419	-5886.585	173.1662	1.138661	1.148945	0.258966	4.767987
1248	-5698.97	-5872.493	173.5225	1.224761	1.32852	0.258966	4.433994
1254	-5694.769	-5866.463	171.6939	1.172589	1.32852	0.1978419	5.573386
1260	-5713.306	-5884.583	171.2769	1.087348	1.430587	0.2452678	5.731724
1266	-5714.759	-5884.485	169.726	1.071883	1.430587	0.2115807	6.634605
1272	-5712.94	-5883.966	171.0258	0.9918655	1.430587	0.3015321	5.845144
1278	-5697.918	-5868.744	170.8264	0.9913985	1.332933	0.3015321	5.996045
1284	-5692.207	-5862.845	170.6381	0.9710169	1.236242	0.2392614	6.23779
1290	-5684.575	-5856.618	172.0425	1.102256	1.243043	0.2706735	5.349715
1296	-5684.703	-5856.758	172.0551	1.089656	1.243043	0.2706735	5.349715
1302	-5698.811	-5870.466	171.6545	1.102275	1.506078	0.2706735	5.449429
1308	-5711.36	-5883.706	172.3459	1.161823	1.563841	0.1618026	5.184896
1314	-5716.846	-5887.801	170.9556	1.262204	1.594202	0.1618026	5.882248
1320	-5722.237	-5893.347	171.1104	1.01009	1.2618	0.2851856	5.883758
1326	-5721.283	-5890.902	169.6191	1.021116	1.636883	0.2851856	6.534388
1332	-5706.043	-5875.949	169.906	1.052945	1.572655	0.2094191	6.494371
1338	-5704.751	-5875.63	170.8792	1.044761	1.498806	0.2441886	5.946146
1344	-5716.319	-5887.371	171.0514	1.15758	1.441081	0.1897098	5.898895
1350	-5713.678	-5885.026	171.3479	1.098808	1.450487	0.2664383	5.648323
1356	-5711.352	-5882.021	170.6691	1.028022	1.266504	0.2664383	6.137617
1362	-5710.203	-5882.924	172.7206	1.103146	1.185508	0.2929876	4.971293
1368	-5713.493	-5884.468	170.9747	1.03219	1.143859	0.2273342	6.083149
1374	-5708.776	-5879.232	170.4561	0.9661318	1.217873	0.2273342	6.365505
1380	-5707.675	-5876.865	169.1897	0.9344185	1.085742	0.2554817	7.090284
1386	-5705.159	-5874.153	168.9944	1.008158	1.377448	0.2086189	7.090284
1392	-5701.562	-5871.765	170.2036	1.048282	1.57112	0.2850487	6.227646
1398	-5706.839	-5877.347	170.508	1.028458	1.423623	0.2436918	6.188689
1404	-5717.094	-5887.937	170.8433	1.004988	1.423623	0.2317998	6.036376
1410	-5710.797	-5882.775	171.9773	1.122155	1.340328	0.30994	5.278837
1416	-5723.75	-5894.422	170.6724	1.118729	1.478482	0.2142831	6.071732
1422	-5706.192	-5878.115	171.9233	1.039329	1.58153	0.2148229	5.388223
1428	-5715.767	-5887.662	171.8941	1.088084	1.473527	0.2549713	5.360428
1434	-5710.956	-5881.583	170.6271	0.9949795	1.502372	0.2627655	6.083083
1440	-5700.936	-5871.916	170.98	1.084991	1.502372	0.2627655	5.841337
1446	-5704.424	-5875.781	171.3578	1.092403	1.6391	0.2627655	5.577115
1452	-5705.594	-5876.3	170.7063	1.054365	1.239927	0.223732	6.176823
1458	-5709.967	-5880.881	170.9147	1.042544	1.182425	0.223732	6.096912
1464	-5702.804	-5874.272	171.4682	1.019738	1.468311	0.2721614	5.610546
1470	-5707.465	-5879.976	172.511	1.137937	1.365837	0.2723355	5.012787
1476	-5704.553	-5875.331	170.7781	1.099837	1.365837	0.2165542	6.067875
1482	-5697.35	-5868.679	171.3296	1.017693	1.398722	0.2136325	5.802116
1488	-5694.271	-5865.436	171.1652	1.065368	1.263488	0.2136325	5.92546
1494	-5704.466	-5875.499	171.0331	1.057884	1.21045	0.2838878	5.92546
1500	-5703.432	-5874.816	171.3842	1.039829	1.089823	0.2215172	5.891557
1506	-5700.622	-5869.986	169.3642	1.001445	1.115566	0.2979721	6.8891
1512	-5700.32	-5871.832	171.512	1.001445	1.106608	0.3029192	5.720628
1518	-5697.992	-5869.835	171.8436	1.05616	1.146893	0.2484905	5.562032
1524	-5706.363	-5878.262	171.8987	1.157665	1.146893	0.2484905	5.475937
1530	-5707.826	-5880.021	172.1947	1.112314	1.43917	0.2484905	5.204602
1536	-5716.601	-5887.725	171.1233	1.064052	1.173201	0.3242	5.839723
1542	-5704.088	-5877.501	173.413	1.137937	1.394198	0.2622005	4.510661
1548	-5704.649	-5878.488	173.8381	1.214984	1.430803	0.2375696	4.24767
1554	-5706.447	-5879.621	173.174	1.28007	1.41085	0.2375696	4.59401
1560	-5711.549	-5885.171	173.6222	1.133212	1.058863	0.2375696	4.59401
1566	-5715.792	-5887.345	171.5537	1.109209	1.666702	0.218671	5.514828
1572	-5713.645	-5883.473	169.8285	0.9733732	1.271974	0.2461933	6.649053
1578	-5713.771	-5884.398	170.6269	0.9858466	1.278869	0.2416994	6.212764
1584	-5713.839	-5884.435	170.5962	1.010833	1.417439	0.3035975	6.072122
1590	-5708.226	-5879.19	170.9641	1.00951	1.224639	0.2210266	6.072122
1596	-5730.629	-5901.305	170.6759	0.9870103	1.2435	0.2210266	6.232448
1602	-5710.941	-5882.388	171.4469	1.12413	1.394001	0.2920626	5.569479
1608	-5705.828	-5876.709	170.8805	1.070669	1.394001	0.2561881	5.957368
1614	-5699.472	-5870.94	171.4679	1.081029	1.567238	0.2561881	5.559687
1620	-5705.977	-5877.874	171.8971	1.191695	1.567238	0.2489443	5.272622
1626	-5705.702	-5878.116	172.4141	1.143477	1.464022	0.2208116	5.097154
1632	-5719.63	-5892.432	172.8021	1.169811	1.285018	0.2441555	4.909708
1638	-5717.828	-5888.87	171.0414	1.053825	1.725687	0.2558648	5.749602
1644	-5718.995	-5889.974	170.9796	0.9728994	1.7102	0.264212	5.82162
1650	-5708.888	-5879.576	170.6884	0.9878601	1.624394	0.221369	6.066429
1656	-5708.018	-5878.521	170.5039	1.00775	1.611482	0.2884362	6.066429
1662	-5703.142	-5873.505	170.3634	1.020129	1.200458	0.2221681	6.402493
1668	-5709.987	-5882.266	172.2793	1.182635	1.600082	0.2300654	5.081356
1674	-5708.488	-5878.426	169.9383	0.9633765	1.444574	0.2115321	6.572771
1680	-5709.86	-5882.749	172.8891	1.066975	1.306121	0.1906259	4.993742
1686	-5708.257	-5880.272	172.015	1.169425	1.575143	0.2077188	5.27967
1692	-5712.122	-5885.27	173.1484	1.154581	1.386917	0.2961299	4.606539
1698	-5722.295	-5895.569	173.2735	1.275042	1.402634	0.2015227	4.601789
1704	-5718.141	-5890.213	172.0717	1.046385	1.453109	0.2264161	5.336014
1710	-5717.142	-5887.542	170.4002	0.9808661	1.36939	0.2061948	6.352843
1716	-5702.862	-5873.313	170.4508	1.003394	1.36939	0.2039907	6.316669
1722	-5715.361	-5885.297	169.9365	0.9922041	1.612911	0.2245163	6.472165
1728	-5717.855	-5889.728	171.8739	1.005976	1.334209	0.2245163	5.521034
1734	-5718.613	-5889.444	170.8311	1.07752	1.334209	0.2850176	5.967229
1740	-5716.045	-5886.144	170.0987	1.013321	1.368238	0.2675234	6.409197
1746	-5705.482	-5873.582	168.1003	0.9138706	1.311049	0.2675234	7.563822
1752	-5704.621	-5874.221	169.6001	1.024811	1.553911	0.2380429	6.639
1758	-5706.872	-5878.327	171.455	1.101538	1.264501	0.2380429	5.709551
1764	-5713.526	-5883.847	170.3203	1.125243	1.092446	0.1858148	6.479981
1770	-5711.407	-5883.626	172.2188	1.11707	1.597418	0.1858148	5.223848
1776	-5713.842	-5885.938	172.0958	1.209868	1.951051	0.2651487	4.991105
1782	-5697.096	-5868.618	171.5215	1.072844	1.244362	0.1938852	5.767312
1788	-5705.844	-5878.207	172.3633	1.188753	1.352325	0.2668978	5.080048
1794	-5701.344	-5873.774	172.4298	1.19082	1.039824	0.1979053	5.298332
1800	-5705.754	-5878.184	172.4301	1.097321	1.039824	0.1979053	5.34978
1806	-5688.775	-5859.282	170.5072	1.08026	1.286896	0.221983	6.252236
1812	-5704.106	-5875.953	171.847	1.100434	1.418025	0.2414307	5.422262
1818	-5702.433	-5873.004	170.5713	1.011308	1.418025	0.2467212	6.161578
1824	-5704.108	-5875.017	170.9087	1.000145	1.548282	0.3153547	5.839807
1830	-5705.168	-5876.794	171.6256	1.055492	1.463914	0.3153547	5.450045
1836	-5705.756	-5876.38	170.6246	0.9401907	1.588997	0.2740212	6.0651
1842	-5703.031	-5874.25	171.2193	1.060951	1.29883	0.2740212	5.794474
1848	-5710.117	-5882.046	171.9296	1.067706	0.9462991	0.2443874	5.62108
1854	-5707.376	-5879.156	171.7802	1.125433	1.486667	0.2328784	5.429509
1860	-5708.809	-5880.246	171.4367	1.10681	1.486667	0.2091229	5.665331
1866	-5703.415	-5874.111	170.6957	0.9443878	1.242085	0.2291952	6.233153
1872	-5722.496	-5893.309	170.813	1.043463	1.257873	0.1899217	6.170391
1878	-5716.042	-5888.693	172.6503	1.079794	1.538471	0.2350103	4.949197
1884	-5701.573	-5872.721	171.147	1.083891	1.641819	0.1667895	5.847968
1890	-5710.138	-5880.487	170.3481	1.033055	1.641819	0.2714719	6.148558
1896	-5706.342	-5879.798	173.4562	1.09761	1.457621	0.2252974	4.536919
1806	-5712.854	-5884.475	171.6211	1.098985	1.091676	0.2778815	5.647652
1812	-5711.405	-5884.158	172.753	1.088485	1.007756	0.2625349	5.095034
1818	-5714.63	-5886.147	171.5169	1.048795	1.31924	0.3091484	5.583179
1824	-5709.44	-5881.458	172.0175	1.065556	1.31924	0.2429159	5.388232
1830	-5728.452	-5898.456	170.0041	1.028551	1.684197	0.2344035	6.374639
1836	-5734.718	-5906.929	172.2107	1.146065	1.201882	0.2344035	5.304251
1842	-5711.065	-5883.672	172.6071	1.137617	1.572923	0.2429159	4.915575
1848	-5697.98	-5869.807	171.8269	1.076931	1.340703	0.2429159	5.477421
1854	-5704.204	-5874.583	170.3793	1.077718	1.981181	0.2566297	6.010218
1860	-5705.874	-5874.505	168.6312	0.9887061	1.981181	0.2434763	7.023883
1866	-5701.558	-5872.286	170.7282	0.9781119	1.745173	0.2485747	5.965589
1872	-5698.333	-5869.24	170.9076	1.04443	1.600231	0.2610068	5.867245
1878	-5707.339	-5877.982	170.6433	1.14151	1.600764	0.2618071	5.957274
1884	-5706.618	-5877.209	170.5912	1.024836	1.486146	0.2618071	6.094182
1890	-5698.082	-5867.382	169.2997	1.040759	1.486146	0.2618071	6.785747
1896	-5703.501	-5874.711	171.2102	1.000274	1.368189	0.2314179	5.86272
1902	-5711.687	-5882.701	171.014	1.030059	1.592259	0.2314179	5.86272
1908	-5730.481	-5902.683	172.2014	1.139793	1.604614	0.2314179	5.144456
1914	-5726.986	-5897.166	170.1803	0.9165317	1.258229	0.1980806	6.568962
1920	-5708.468	-5879.144	170.676	0.9568267	1.011037	0.2464705	6.326757
1926	-5704.052	-5874.098	170.0464	0.9399153	1.272276	0.2335901	6.567453
1932	-5705.24	-5875.139	169.8994	1.002682	1.281285	0.268238	6.560008
1938	-5708.588	-5880.976	172.3875	1.110473	1.332313	0.201923	5.216943
1944	-5719.965	-5889.904	169.9388	1.109347	1.482712	0.2925799	6.363299
1950	-5722.653	-5893.872	171.219	1.05116	1.357905	0.2195621	5.852581
1956	-5729.854	-5900.671	170.817	1.004706	1.241145	0.2519399	6.101609
1962	-5714.004	-5886.479	172.4752	1.167242	1.492062	0.2461209	5.000184
1968	-5708.293	-5879.154	170.8611	1.075282	1.492062	0.2076587	5.997549
1974	-5717.105	-5887.538	170.4331	1.083217	1.539556	0.2387904	6.159985
1980	-5722.368	-5893.963	171.5949	1.052063	1.663224	0.2960725	5.415187
1986	-5718.008	-5889.69	171.6822	1.061496	1.300482	0.282328	5.528436
1992	-5708.977	-5880.207	171.2292	1.023674	1.210518	0.2247605	5.920709
1998	-5716.872	-5889.701	172.8288	1.095931	1.104391	0.2247605	5.053115
2004	-5709.502	-5879.807	170.3047	1.030926	1.694701	0.2887111	6.131039
2010	-5703.062	-5872.534	169.4726	0.9957599	1.676781	0.1802203	6.768738
2016	-5711.182	-5881.102	169.9194	1.026098	1.179076	0.2007917	6.683249
2022	-5700.774	-5872.192	171.4187	1.041021	1.497201	0.2106144	5.70464
2028	-5715.94	-5885.217	169.2769	0.9839515	1.255994	0.2217178	6.984194
2034	-5706.734	-5877.829	171.0948	0.962061	1.255994	0.2868441	5.918985
2040	-5706.309	-5878.407	172.0981	1.046244	1.255994	0.2868441	5.322131
2046	-5721.132	-5892.976	171.8439	1.169889	1.361484	0.3023335	5.326505
2052	-5715.97	-5888.081	172.111	1.126587	1.100632	0.179552	5.508841
2058	-5706.29	-5878.218	171.9282	1.078756	1.100632	0.2386501	5.54076
2064	-5700.984	-5872.996	172.0115	1.226816	1.430263	0.2386501	5.260769
2070	-5697.426	-5869.694	172.2684	1.091629	1.430263	0.2386501	5.193454
2076	-5712.753	-5884.588	171.8351	1.119688	1.430263	0.2386501	5.417171
2082	-5707.98	-5879.208	171.2275	1.036742	1.36704	0.2386501	5.823086
2088	-5716.301	-5888.638	172.3367	1.128955	1.526601	0.2386501	5.095308
2094	-5710.363	-5883.145	172.7814	1.145512	1.392168	0.2232724	4.918588
2100	-5708.573	-5880.348	171.775	1.12211	1.392168	0.1975646	5.529315
2106	-5710.086	-5881.935	171.8493	1.14681	1.269258	0.1975646	5.529315
2112	-5701.219	-5873.397	172.1779	1.145351	1.573018	0.2155496	5.19125
2118	-5710.558	-5881.517	170.9592	1.053055	1.756942	0.2155496	5.843642
2124	-5724.868	-5895.888	171.0198	1.113983	1.590508	0.2123241	5.843642
2130	-5728.704	-5899.257	170.5529	1.036352	1.355756	0.2477152	6.182976
2136	-5717.187	-5888.764	171.5772	1.115882	1.355756	0.2477152	5.579734
2142	-5719.57	-5892.385	172.8158	1.201053	1.322797	0.2477152	4.862202
2148	-5699.044	-5872.051	173.0072	1.16397	1.279756	0.2049136	4.862202
2154	-5711.361	-5884.23	172.8688	1.148844	1.725447	0.2049136	4.764596
2160	-5705.008	-5876.436	171.4283	1.089751	1.276077	0.2049136	5.776431
2166	-5703.009	-5874.113	171.1032	1.10325	1.168959	0.1995229	6.005714
2172	-5701.499	-5872.512	171.0124	1.072307	1.168959	0.3521743	5.864903
2178	-5702.219	-5874.257	172.0375	1.15438	1.354702	0.2330557	5.327191
2184	-5702.85	-5875.288	172.4375	1.074249	1.052068	0.2589232	5.258644
2190	-5704.227	-5876.039	171.8122	1.037323	1.360639	0.2221728	5.529759
2196	-5714.681	-5886.566	171.8855	1.1009	1.477646	0.2141148	5.417667
2202	-5712.398	-5884.021	171.6231	1.083171	1.409349	0.2141148	5.600092
2208	-5717.207	-5888.404	171.1967	1.063299	1.487608	0.2141148	5.812325
2214	-5718.391	-5890.533	172.1429	1.199956	1.487608	0.2141148	5.216884
2220	-5715.418	-5888.222	172.8038	1.151261	1.5573	0.1562637	4.949777
2226	-5713.523	-5885.503	171.98	1.164875	1.299717	0.1562637	5.506539
2232	-5701.172	-5873.404	172.2316	1.095143	1.299717	0.2181086	5.300191
2238	-5702.888	-5872.966	170.0782	0.8813673	1.407226	0.3051806	6.426317
2244	-5706.816	-5875.568	168.7522	0.8901801	1.477418	0.2376839	7.199099
2250	-5709.99	-5878.786	168.7955	0.8722889	1.443564	0.2376839	7.199099
2256	-5710.908	-5882.951	172.0427	1.127705	1.366373	0.2376839	5.327031
2262	-5705.456	-5877.155	171.6983	1.081934	1.477427	0.2256168	5.513323
2268	-5708.378	-5880.008	171.6303	1.066132	1.549331	0.2370768	5.513323
2274	-5718.992	-5891.723	172.7313	1.072165	1.549331	0.2116996	4.940338
2280	-5711.442	-5884.286	172.8436	1.153994	1.400594	0.2380122	4.853039
2286	-5697.702	-5869.165	171.463	0.9832683	1.400594	0.2359833	5.712981
2292	-5702.135	-5873.566	171.431	0.984359	1.12542	0.2359833	5.856417
2298	-5697.909	-5870.912	173.0029	1.239895	1.12542	0.2359833	4.848259
2304	-5702.189	-5874.94	172.7508	1.200206	1.372586	0.3041278	4.799369
2310	-5703.241	-5876.021	172.7799	1.202755	1.372586	0.2063368	4.923067
2316	-5706.98	-5879.256	172.2756	1.20403	1.372586	0.1884423	5.232
2322	-5707.223	-5879.64	172.4167	1.091114	1.372586	0.2046743	5.189262
2328	-5699.063	-5870.563	171.5001	1.037576	1.249444	0.22864	5.740836
2334	-5701.692	-5871.434	169.7422	1.037576	1.173613	0.2634392	6.68261
2340	-5714.059	-5883.594	169.5346	1.003845	1.880786	0.1672615	6.68261
2346	-5700.93	-5873.81	172.88	1.114371	1.872019	0.2324199	4.681741
2352	-5706.088	-5879.127	173.0389	1.215608	1.251733	0.2324199	4.785246
2358	-5712.692	-5884.855	172.1635	1.224262	1.262509	0.2407883	5.249043
2304	-5767.343	-5940.667	173.3243	1.16006	1.135985	0.3277916	4.582738
2310	-5744.416	-5913.717	169.3009	1.005427	1.517112	0.2878445	6.757249
2316	-5723.914	-5895.033	171.1192	1.03137	1.095738	0.2994387	5.929078
2322	-5710.121	-5881.384	171.2627	1.119572	1.053199	0.2159204	5.941976
2328	-5726.303	-5897.415	171.1123	1.142629	1.053199	0.2159204	6.011462
2334	-5710.643	-5883.401	172.7579	1.140374	1.177501	0.270649	4.963948
2340	-5708.773	-5880.754	171.9805	1.177759	1.177501	0.2564691	5.39337
2346	-5716.431	-5889.038	172.607	1.132413	1.576411	0.2564691	4.897368
2352	-5710.822	-5883.001	172.1796	1.128123	1.576411	0.2564691	5.137127
2358	-5719.485	-5891.984	172.4986	1.137516	1.576411	0.2564691	4.954865
2364	-5710.749	-5883.315	172.5666	1.130766	1.361254	0.2564691	5.010174
2370	-5715.402	-5888.759	173.3566	1.14462	1.48085	0.2600476	4.504721
2376	-5717.838	-5890.252	172.4136	1.14462	1.554672	0.1975648	5.097556
2382	-5718.57	-5890.922	172.3519	1.206347	1.554672	0.1975648	5.097556
2388	-5707.55	-5878.955	171.4046	1.016616	1.288688	0.2599138	5.741267
2394	-5705.878	-5877.131	171.2529	1.044335	1.445834	0.2599138	5.741267
2400	-5708.861	-5881.154	172.2926	1.071789	1.420576	0.2095105	5.24019
2406	-5717.741	-5889.847	172.1058	1.113685	1.46812	0.2095105	5.300346
2412	-5717.847	-5886.418	168.571	0.9502188	1.396287	0.1868877	7.376044
2418	-5721.258	-5889.535	168.2773	0.9733226	1.487427	0.2585357	7.376044
2424	-5719.188	-5891.055	171.8663	1.072774	1.445743	0.2570293	5.392724
2430	-5714.912	-5886.354	171.4417	1.102706	1.256214	0.2011081	5.777267
2436	-5706.375	-5878.392	172.0165	1.21747	1.403499	0.2054283	5.326059
2442	-5710.058	-5882.015	171.9569	1.14783	1.578597	0.2054283	5.326059
2448	-5711.643	-5882.66	171.0169	1.101313	1.392661	0.2350718	5.897188
2454	-5711.954	-5883.843	171.8889	1.164542	1.366991	0.2243322	5.411419
2460	-5709.943	-5883.405	173.4628	1.187635	1.626011	0.2243322	4.41588
2466	-5705.262	-5878.649	173.3868	1.213193	1.626011	0.2428424	4.41588
2472	-5709.396	-5882.553	173.1565	1.20482	1.420944	0.2721293	4.591573
2478	-5721.201	-5894.519	173.3183	1.160887	1.225204	0.2721293	4.614332
2484	-5711.189	-5883.483	172.2935	1.136468	1.308355	0.2516307	5.188913
2490	-5706.88	-5880.376	173.4966	1.189192	1.308355	0.211505	4.550367
2496	-5719.007	-5892.582	173.5758	1.217107	0.9612896	0.2918813	4.550367
2502	-5713.779	-5883.556	169.7763	0.9481732	1.909445	0.2495778	6.441838
2508	-5722.537	-5892.98	170.4437	1.087266	1.909445	0.163651	6.14137
2514	-5699.793	-5872.635	172.842	1.140421	1.148305	0.2268664	4.995508
2520	-5701.016	-5873.28	172.2641	1.104552	1.724798	0.2268664	5.091102
2526	-5703.885	-5876.201	172.3162	1.069953	1.544134	0.2268664	5.150208
2532	-5704.261	-5875.75	171.4893	1.140662	1.544134	0.282678	5.487815
2538	-5707.237	-5879.676	172.4393	1.140662	1.544134	0.282678	4.962528
2544	-5708.362	-5880.836	172.4744	1.153243	1.357442	0.2163721	5.110767
2550	-5721.55	-5893.515	171.9653	1.092093	1.674874	0.2354996	5.268665
2556	-5715.47	-5884.844	169.3742	1.001516	1.722176	0.2354996	6.714983
2562	-5711.421	-5881.692	170.2709	1.022514	1.722176	0.1921903	6.285404
2568	-5704.628	-5875.148	170.5201	0.977132	1.248425	0.2235988	6.316263
2574	-5711.258	-5881.679	170.421	1.076569	1.182145	0.2172278	6.356912
2580	-5720.013	-5891.668	171.6554	1.07678	1.451942	0.2121777	5.571136
2586	-5709.534	-5881.536	172.0013	1.144959	1.361345	0.2121777	5.381749
2592	-5719.068	-5890.472	171.4035	1.152765	1.444624	0.2121777	5.670695
2598	-5716.875	-5889.19	172.3148	1.152765	1.162168	0.1978097	5.320141
2604	-5713.53	-5885.532	172.0026	1.1523	1.573197	0.2424484	5.243243
2610	-5713.977	-5885.649	171.6729	1.018705	1.666145	0.2225621	5.493226
2616	-5704.678	-5875.971	171.2935	1.149468	1.26623	0.1896642	5.847118
2622	-5712.887	-5883.794	170.9077	1.039933	1.26623	0.1896642	6.117402
2628	-5709.765	-5878.469	168.7042	0.9168802	1.26623	0.3213421	7.18998
2634	-5701.428	-5873.5	172.0716	1.170005	1.574887	0.1847656	5.286528
2640	-5705.241	-5877.248	172.007	1.133286	1.723382	0.1847656	5.286528
2646	-5713.875	-5884.956	171.081	1.127797	1.723382	0.1912905	5.787425
2652	-5716.238	-5887.411	171.1731	1.098789	1.718612	0.26663	5.640311
2658	-5721.274	-5893.045	171.771	1.145802	1.221147	0.270491	5.485851
2664	-5711.414	-5882.904	171.4899	1.06152	1.862141	0.24341	5.46918
2670	-5718.923	-5890.682	171.7596	1.153615	1.315072	0.2376247	5.491431
2676	-5727.328	-5900.839	173.5114	1.24557	1.229218	0.1915874	4.580788
2682	-5722.339	-5896.043	173.7046	1.206024	1.404972	0.2392171	4.336971
2688	-5720.116	-5893.723	173.6066	1.235725	1.695216	0.1820655	4.351774
2694	-5704.468	-5878.132	173.664	1.212581	1.49807	0.2167086	4.351774
2700	-5707.826	-5880.262	172.4357	1.189841	1.543537	0.2776121	4.944256
2706	-5707.982	-5879.887	171.905	1.07895	1.543537	0.1730749	5.4614
2712	-5717.038	-5889.321	172.2826	1.214729	1.287313	0.1730749	5.287073
2718	-5719.873	-5890.575	170.7017	1.124439	1.499966	0.1730749	6.112463
2724	-5714.92	-5887.706	172.7863	1.19007	1.737283	0.1730749	4.83823
2730	-5721.19	-5894.635	173.4456	1.222676	1.220302	0.2068501	4.609199
2736	-5716.339	-5888.514	172.175	1.190912	1.723147	0.2068501	5.124833
2742	-5731.37	-5902.551	171.1815	1.029284	1.024011	0.2616526	5.983868
2748	-5708.1	-5880.077	171.9779	1.029284	1.423083	0.2616526	5.358182
2754	-5711.394	-5883.08	171.6856	1.064163	1.574331	0.2616526	5.438775
2760	-5721.716	-5892.828	171.1119	1.078788	1.678315	0.2116286	5.780628
2766	-5721.648	-5893.583	171.9356	1.163381	1.718355	0.1946624	5.29434
2772	-5717.789	-5888.098	170.3088	1.047678	2.050078	0.1835268	6.155985
2778	-5716.768	-5887.94	171.1729	1.041278	1.356118	0.3017588	5.769033
2784	-5714.838	-5886.906	172.0689	1.075	1.401758	0.2459003	5.314323
2790	-5703.437	-5875.247	171.8098	1.022878	1.401758	0.2459003	5.485784
2796	-5713.25	-5884.34	171.0893	1.131405	1.456318	0.2440052	5.801489
2802	-5700.745	-5872.447	171.702	1.040975	1.433871	0.2941055	5.455432
2808	-5707.375	-5878.87	171.4952	1.040975	1.433871	0.2625451	5.611532
2814	-5708.917	-5881.486	172.5697	1.161695	1.601592	0.1768134	5.018841
2820	-5711.684	-5884.081	172.3967	1.267687	1.340856	0.1653494	5.184649
2826	-5718.146	-5891.709	173.5627	1.179094	1.417835	0.2533278	4.405717
2832	-5715.369	-5887.877	172.5076	1.18889	1.417835	0.2412154	5.008407
2838	-5718.634	-5891.95	173.3163	1.241411	1.6797	0.2911184	4.350622
2844	-5702.799	-5876.179	173.3798	1.202071	1.502897	0.3351945	4.350622
2850	-5712.11	-5883.608	171.4983	1.08378	1.768321	0.2614378	5.459196
2856	-5710.823	-5880.199	169.3755	1.061563	1.773811	0.292863	6.585159
2802	-5716.673	-5888.436	171.7624	1.121228	1.433871	0.2941055	5.377943
2808	-5724.439	-5896.288	171.849	1.020423	1.433871	0.3001887	5.377943
2814	-5696.597	-5869.527	172.9304	1.213754	1.433871	0.2641968	4.71882
2820	-5712.094	-5884.492	172.3981	1.10519	1.372526	0.2641968	5.101982
2826	-5715.709	-5886.112	170.4036	1.008615	1.372526	0.2641968	6.248951
2832	-5710.512	-5879.353	168.8406	1.00159	1.372526	0.2641968	7.097616
2838	-5707.366	-5877.555	170.1891	0.9129139	1.260846	0.2641968	6.4665
2844	-5708.626	-5879.64	171.0141	1.070708	1.196782	0.2438857	5.990568
2850	-5708.907	-5881.049	172.1414	1.153354	1.196782	0.2084614	5.381201
2856	-5709.588	-5881.348	171.76	0.9451081	1.220383	0.2510929	5.629625
2862	-5720.465	-5889.713	169.2481	0.9643169	1.322893	0.2981278	6.875133
2868	-5712.91	-5883.369	170.4594	1.117348	1.322893	0.1899453	6.293256
2874	-5711.758	-5885.024	173.2658	1.170711	1.202632	0.2465745	4.685771
2880	-5717.622	-5891.005	173.3834	1.206514	0.9197949	0.2150759	4.800158
2886	-5733.77	-5906.528	172.7576	0.982998	0.9197949	0.2163076	5.269688
2892	-5716.852	-5885.611	168.7587	0.9145389	1.424129	0.2822421	7.142978
2898	-5721.616	-5892.777	171.1614	1.136885	1.383288	0.1948427	5.865817
2904	-5722.491	-5894.965	172.474	1.158664	1.41877	0.2460244	5.036361
2910	-5719.473	-5890.91	171.4371	1.088125	1.488168	0.2263951	5.647797
2916	-5727.183	-5897.049	169.8663	1.033083	1.516093	0.1920816	6.57661
2922	-5714.682	-5884.693	170.0112	0.9234845	1.365757	0.218787	6.57661
2928	-5718.184	-5889.721	171.5364	1.005576	1.365757	0.218787	5.701549
2934	-5705.801	-5876.991	171.1901	1.128116	1.139498	0.231291	5.909525
2940	-5707.53	-5881.367	173.8373	1.274512	1.294737	0.231291	4.28504
2946	-5712.45	-5886.163	173.7129	1.273005	1.454977	0.231291	4.28504
2952	-5709.129	-5882.664	173.5356	1.30101	1.340295	0.2150117	4.445318
2958	-5709.8	-5882.892	173.092	1.226435	1.340295	0.2150117	4.736055
2964	-5708.118	-5881.772	173.6549	1.161705	1.340295	0.2285046	4.435178
2970	-5706.318	-5877.955	171.6375	1.190859	1.340295	0.2553957	5.50114
2976	-5708.05	-5877.082	169.0324	0.9700214	1.38451	0.2717869	6.996096
2982	-5700.659	-5872.312	171.6535	1.059875	1.096899	0.2717869	5.656869
2988	-5702.888	-5874.888	171.9999	1.163631	1.096899	0.2795807	5.398881
2994	-5708.2	-5880.192	171.9923	1.158584	1.024089	0.1998331	5.562329
3000	-5714.751	-5886.252	171.5004	1.155555	1.428075	0.2525174	5.562329
3006	-5718.045	-5887.883	169.8381	1.112494	1.428075	0.2525174	6.492268
3012	-5715.525	-5887.413	171.8884	1.144977	1.55584	0.1769406	5.422516
3018	-5713.396	-5885.469	172.0731	1.098838	1.558324	0.2530593	5.224244
3024	-5712.963	-5884.333	171.3701	1.146884	1.377054	0.227872	5.696458
3030	-5707.605	-5879.186	171.5816	1.090232	1.415908	0.2221516	5.603715
3036	-5711.765	-5884.116	172.3515	1.264357	1.415908	0.2221516	5.082964
3042	-5705.527	-5878.994	173.4671	1.254584	1.498784	0.2221516	4.430174
3048	-5720.754	-5895.256	174.502	1.284953	1.656231	0.1636519	3.86291
3054	-5713.352	-5886.597	173.2454	1.274245	1.60705	0.1636519	4.600934
3060	-5720.027	-5890.513	170.4869	1.065174	1.676771	0.2651172	6.051209
3066	-5716.706	-5887.738	171.032	1.063621	1.676771	0.1936018	5.86242
3072	-5729.271	-5897.026	167.7552	0.9098214	1.658824	0.2404249	7.650122
3078	-5720.267	-5890.103	169.8358	0.9941329	1.658824	0.2404249	6.485053
3084	-5714.319	-5885.513	171.1942	1.082899	1.353529	0.2763685	5.768849
3090	-5730.317	-5903.503	173.186	1.100746	0.9778451	0.2051791	4.95141
3096	-5729.573	-5900.527	170.9539	1.220116	0.9778451	0.2051791	6.113135
3102	-5730.298	-5900.079	169.7812	0.9928005	1.434839	0.2051791	6.65586
3108	-5714.183	-5885.727	171.5439	1.137018	1.434839	0.2051791	5.617593
3114	-5716.025	-5888.158	172.1332	1.208901	1.434839	0.2051791	5.253495
3120	-5709.801	-5882.303	172.5023	1.093	1.434839	0.2051791	5.113372
3126	-5713.823	-5886.548	172.7255	1.132193	1.104329	0.2019481	5.126713
3132	-5731.716	-5903.616	171.9006	1.140578	1.335641	0.3509247	5.263564
3138	-5731.599	-5904.44	172.8414	1.162921	1.433532	0.2768435	4.7795
3144	-5720.631	-5893.804	173.1735	1.155404	1.433532	0.2474121	4.639726
3150	-5718.96	-5891.413	172.4527	1.155404	1.433532	0.2661192	5.014988
3156	-5724.227	-5896.417	172.1901	1.107689	1.493297	0.2661192	5.162268
3162	-5707.948	-5879.338	171.3898	1.052323	1.493297	0.2699728	5.62852
3168	-5709.218	-5879.36	170.1426	0.9588617	1.493297	0.2625013	6.370089
3174	-5707.75	-5878.148	170.3975	1.050787	1.253368	0.2046767	6.370089
3180	-5728.03	-5901.648	173.6175	1.181943	1.171919	0.2391605	4.50838
3186	-5718.603	-5891.579	172.9763	1.20465	1.319292	0.1890142	4.86539
3192	-5703.62	-5875.045	171.4253	1.063763	1.431355	0.2832809	5.610255
3198	-5696.307	-5867.598	171.2909	1.043814	1.56722	0.2832809	5.640199
3204	-5694.664	-5867.111	172.4475	1.104676	1.747873	0.2566255	4.936654
3210	-5699.939	-5872.029	172.0891	1.125943	1.542055	0.2566255	5.20175
3216	-5700.603	-5872.813	172.2103	1.116544	1.542055	0.2153772	5.20175
3222	-5700.109	-5871.042	170.9325	1.031922	1.650734	0.2129885	5.91241
3228	-5716.464	-5887.436	170.972	1.002858	1.472051	0.2559293	5.91241
3234	-5701.723	-5872.699	170.9755	1.00662	1.4623	0.2559293	5.91241
3240	-5699.897	-5871.742	171.8448	1.060846	1.233385	0.2559293	5.506466
3246	-5711.03	-5885.091	174.0613	1.165164	1.121341	0.2181643	4.326007
3252	-5704.75	-5877.418	172.669	1.152899	1.652571	0.2206637	4.87573
3258	-5719.614	-5891.112	171.4974	1.126838	1.885873	0.2294491	5.441804
3264	-5721.754	-5893.177	171.4222	1.066135	1.419276	0.2772443	5.623816
3270	-5706.928	-5878.083	171.1545	1.081306	1.779607	0.2772443	5.623816
3276	-5715.658	-5887.527	171.8688	1.119669	1.779607	0.2045099	5.316991
3282	-5717.761	-5890.131	172.3701	1.069952	1.704772	0.2097886	5.085698
3288	-5702.448	-5873.678	171.2302	1.052783	1.372976	0.2097886	5.854335
3294	-5707.846	-5879.103	171.2569	1.078388	1.73595	0.2666241	5.59926
3300	-5706.387	-5877.166	170.7797	1.02353	1.130316	0.272091	6.136909
3306	-5702.756	-5873.488	170.7322	1.02353	1.165595	0.242893	6.186262
3312	-5703.992	-5876.46	172.4683	1.124933	1.335869	0.2703249	5.059722
3318	-5714.234	-5884.107	169.8735	1.037863	1.335869	0.2527978	6.552196
3324	-5706.676	-5876.545	169.8697	1.028093	1.309963	0.2663091	6.552196
3330	-5701.206	-5871.655	170.449	1.028093	1.309963	0.248139	6.263372
3336	-5707.936	-5877.816	169.8809	0.9671256	1.567995	0.3303968	6.391659
3342	-5719.982	-5892.585	172.6031	1.083863	1.274888	0.3042744	4.990203
3348	-5714.676	-5889.496	174.8198	1.306673	1.268358	0.3042744	3.611501
3306	-5758.204	-5929.14	170.936	1.128568	1.884679	0.253225	5.71472
3312	-5731.484	-5900.434	168.9501	1.017056	1.446189	0.3062612	6.945262
3318	-5717.962	-5889.277	171.3146	1.138249	1.446189	0.1862765	5.769248
3324	-5726.131	-5896.91	170.7791	1.021712	1.446189	0.1956275	6.109557
3330	-5709.116	-5882.098	172.982	1.133151	1.724427	0.2278186	4.673882
3336	-5705.798	-5879.628	173.83	1.279076	1.164954	0.2278186	4.354803
3342	-5718.671	-5892.044	173.3724	1.184408	1.586233	0.2418249	4.457345
3348	-5705.314	-5875.801	170.4867	0.9832958	1.597149	0.2781428	6.108109
3354	-5706.438	-5877.171	170.7331	1.029349	1.597149	0.2589863	5.974762
3360	-5729.566	-5900.946	171.3797	1.001594	1.33745	0.2225692	5.796068
3366	-5727.968	-5898.299	170.3312	0.925676	1.473135	0.2593988	6.298125
3372	-5725.019	-5895.902	170.8825	1.033519	1.300138	0.2593988	6.012915
3378	-5712.709	-5883.745	171.0356	1.030964	1.300138	0.2593988	5.930758
3384	-5714.503	-5885.691	171.188	1.03315	1.121709	0.2593988	5.930758
3390	-5720.056	-5893.069	173.0133	1.149711	1.73473	0.2076451	4.675418
3396	-5717.967	-5888.3	170.333	1.033529	1.303947	0.2919578	6.266726
3402	-5715.748	-5889.725	173.9773	1.316785	1.291703	0.2517318	4.152115
3408	-5730.992	-5905.14	174.1474	1.214148	1.291703	0.2266083	4.152115
3414	-5741.993	-5913.529	171.5352	1.067325	1.392611	0.3010681	5.541175
3420	-5723.615	-5896.287	172.6717	1.033766	1.023977	0.2266083	5.214223
3426	-5727.625	-5898.63	171.0049	0.9569136	1.203853	0.2745098	6.011602
3432	-5720.458	-5892.208	171.7501	1.08001	1.389541	0.2745098	5.45225
3438	-5718.507	-5890.144	171.6369	1.059602	1.389541	0.2745098	5.525748
3444	-5721.908	-5893.635	171.7269	1.034	1.308752	0.2745098	5.525748
3450	-5728.881	-5900.688	171.8074	1.080305	1.118456	0.2212826	5.623483
3456	-5726.5	-5898.599	172.0992	1.120712	1.64866	0.2212826	5.210354
3462	-5713.427	-5884.132	170.7054	1.05375	1.811132	0.2073621	5.975842
3468	-5721.398	-5892.269	170.8712	1.026923	1.811132	0.2073621	5.89993
3474	-5706.081	-5878.359	172.278	1.012069	1.891807	0.2073621	5.106654
3480	-5700.326	-5871.167	170.8402	1.080451	1.356654	0.2432915	6.008427
3486	-5700.523	-5872.325	171.8022	1.079521	1.356654	0.2521467	5.469259
3492	-5707.615	-5879.162	171.5469	1.028289	1.356654	0.2818248	5.596785
3498	-5701.495	-5873.515	172.0197	1.096465	1.356654	0.2818248	5.29898
3504	-5709.337	-5879.478	170.1418	0.9838756	1.389403	0.2409109	6.430129
3510	-5713.815	-5885.022	171.2068	1.053979	1.389403	0.2409109	5.812074
3516	-5710.967	-5882.213	171.2452	1.013106	1.392479	0.2409109	5.812074
3522	-5696.439	-5868.075	171.6358	1.130202	1.392479	0.187933	5.617346
3528	-5703.919	-5874.05	170.131	1.014038	1.392479	0.3333584	6.297649
3534	-5687.48	-5858.25	170.77	1.014038	1.392479	0.3333584	5.949747
3540	-5700.761	-5873.037	172.2766	1.139748	1.392479	0.3333584	5.051771
3546	-5709.024	-5882.348	173.3243	1.226105	1.393839	0.2962905	4.464264
3552	-5707.84	-5878.757	170.9172	0.9283076	1.336807	0.227059	6.08202
3558	-5702.732	-5873.517	170.7857	1.059823	1.336807	0.227059	6.08202
3564	-5707.854	-5878.449	170.5951	1.033596	1.378889	0.309028	6.069814
3570	-5694.317	-5864.755	170.4376	1.049251	1.378889	0.309028	6.147062
3576	-5702.61	-5872.663	170.0537	1.001857	1.612997	0.2936576	6.307169
3582	-5705.069	-5876.948	171.8781	1.140296	1.218859	0.2936576	5.400041
3588	-5707.419	-5880.352	172.9328	1.25535	1.221895	0.2936576	4.74972
3594	-5712.709	-5885.659	172.9492	1.218319	1.221895	0.1858843	4.923541
3600	-5705.281	-5876.383	171.1024	1.00042	1.429113	0.1858843	5.968299
3606	-5708.678	-5879.411	170.7327	1.039174	1.429113	0.1858843	6.148665
3612	-5702.677	-5875.969	173.2927	1.223404	1.429113	0.2488945	4.534394
3618	-5701.99	-5872.513	170.5225	1.053511	1.691331	0.203318	6.124649
3624	-5721.935	-5894.337	172.4021	1.129095	1.219181	0.1490938	5.344732
3630	-5724.826	-5897.444	172.618	1.09816	1.075358	0.273454	5.112998
3636	-5719.558	-5892.834	173.2764	1.305734	1.342132	0.2133429	4.590273
3642	-5713.8	-5886.368	172.5677	1.171869	1.393746	0.1771583	5.098559
3648	-5722.835	-5894.516	171.6814	1.041885	1.393746	0.1771583	5.658855
3654	-5713.213	-5884.911	171.6981	1.127501	1.527439	0.2258832	5.467761
3660	-5709.606	-5880.127	170.5208	0.9368633	1.527439	0.3094504	6.101534
3666	-5717.42	-5888.057	170.6374	0.9335222	1.527439	0.262372	6.101534
3672	-5714.144	-5887.039	172.8949	1.166844	1.259869	0.3081991	4.783426
3678	-5713.211	-5886.831	173.6201	1.21872	1.245797	0.2716299	4.402955
3684	-5713.039	-5886.665	173.626	1.242739	1.599707	0.2609121	4.24769
3690	-5710.348	-5883.475	173.1269	1.182289	1.599707	0.223115	4.619906
3696	-5718.493	-5890.204	171.711	1.267739	1.599707	0.223115	5.359389
3702	-5699.056	-5869.153	170.0968	1.161883	1.564976	0.2429928	6.28411
3708	-5708.93	-5879.014	170.0832	0.9316179	1.564976	0.2429928	6.416459
3714	-5700.539	-5870.589	170.0498	1.05711	1.315523	0.2429928	6.469145
3720	-5714.875	-5887.209	172.3339	1.079434	1.314093	0.2031034	5.269944
3726	-5715.864	-5888.251	172.3869	1.223369	1.314093	0.3320281	4.980317
3732	-5711.114	-5882.785	171.6714	1.16023	1.410115	0.1703814	5.604489
3738	-5707.218	-5879.216	171.9984	1.150077	1.59161	0.2664532	5.205311
3744	-5712.958	-5882.762	169.8048	0.9858818	1.113732	0.2662007	6.702179
3750	-5701.126	-5871.859	170.7329	1.065124	1.113732	0.2700629	6.150767
3756	-5710.352	-5880.763	170.4112	0.988502	1.554524	0.2484001	6.203721
3762	-5711.472	-5882.168	170.6965	0.988502	1.554524	0.2484001	6.048375
3768	-5716.623	-5887.152	170.529	1.118983	1.554524	0.2484001	6.068576
3774	-5719.786	-5891.613	171.8269	1.042133	1.183169	0.2484001	5.561288
3780	-5722.295	-5893.012	170.7168	1.050088	1.522591	0.1565883	6.16565
3786	-5725.95	-5895.533	169.5836	0.9414251	1.522591	0.2492616	6.689093
3792	-5711.779	-5881.767	169.9878	0.9816491	1.347022	0.223346	6.558888
3798	-5710.942	-5881.937	170.9948	1.06625	1.399415	0.223346	5.943219
3804	-5705.519	-5874.217	168.698	0.915032	1.478916	0.2882881	7.14531
3810	-5707.857	-5880.846	172.9887	1.192586	1.119833	0.223346	4.904786
3816	-5718.689	-5891.366	172.6778	1.217825	1.352769	0.2557058	4.904786
3822	-5703.862	-5873.676	169.8144	0.9520844	1.478916	0.2466899	6.579536
3828	-5706.775	-5877.307	170.5316	0.9147836	1.597879	0.2409159	6.172459
3834	-5712.883	-5882.402	169.519	0.9549289	1.597879	0.2909183	6.6316
3840	-5709.836	-5880.396	170.5597	1.131877	1.597879	0.1703386	6.152396
3846	-5708.031	-5879.777	171.7465	1.067428	1.458487	0.2023863	5.539289
3852	-5718.103	-5889.606	171.5027	1.063964	1.356454	0.2023863	5.718166
3858	-5700.295	-5870.03	169.7357	1.06516	1.356454	0.3004975	6.539691
3864	-5708.136	-5879.942	171.8065	1.063153	1.346627	0.1667225	5.617537
3804	-5720.762	-5889.337	168.5747	0.9562273	1.592722	0.2882881	7.14531
3810	-5716.318	-5886.535	170.2168	0.9562273	1.592722	0.2882881	6.257971
3816	-5713.771	-5885.39	171.6185	1.110316	1.592722	0.2882881	5.406998
3822	-5715.368	-5888.541	173.1732	1.193288	1.592722	0.1768353	4.668173
3828	-5715.328	-5888.476	173.1484	1.218029	1.592722	0.1768353	4.668173
3834	-5712.134	-5883.532	171.3982	1.142263	1.659732	0.2121212	5.594961
3840	-5697.712	-5869.524	171.8122	1.007841	1.313674	0.2592838	5.512059
3846	-5707.65	-5879.572	171.9221	1.155028	1.302244	0.2982238	5.323151
3852	-5694.137	-5866.383	172.2464	1.155028	1.302244	0.17874	5.323151
3858	-5711.193	-5882.681	171.4882	1.099843	1.342807	0.17874	5.752176
3864	-5714.209	-5887.131	172.9221	1.186878	1.387268	0.2764827	4.741429
3870	-5720.35	-5893.148	172.7987	1.212872	1.387268	0.2756189	4.797051
3876	-5715.579	-5888.538	172.9591	1.193157	1.215607	0.2756189	4.797051
3882	-5710.695	-5881.574	170.8791	1.044013	1.601979	0.2756189	5.862431
3888	-5705.583	-5876.727	171.1434	1.028364	1.244443	0.2756189	5.876471
3894	-5706.232	-5878.168	171.9364	1.12447	1.244443	0.290789	5.368367
3900	-5716.423	-5888.292	171.8689	1.132852	1.315607	0.290789	5.368367
3906	-5714.46	-5886.358	171.8983	1.096387	1.593469	0.2186717	5.35991
3912	-5712.963	-5884.776	171.8121	1.141022	1.593469	0.2149227	5.388701
3918	-5720.826	-5892.616	171.7899	1.099378	1.635059	0.2149227	5.407992
3924	-5720.716	-5890.71	169.994	0.9868363	1.365446	0.2949782	6.445355
3930	-5723.53	-5895.309	171.7795	1.183317	1.118341	0.2149227	5.592216
3936	-5707.068	-5879.516	172.4481	1.121315	1.29084	0.2149227	5.175104
3942	-5712.246	-5882.571	170.3246	1.041379	1.412644	0.2149227	6.32899
3948	-5714.824	-5886.368	171.5434	1.07055	1.235536	0.2149227	5.726674
3954	-5713.551	-5885.147	171.5952	1.112478	1.418684	0.1959757	5.624758
3960	-5720.451	-5891.974	171.5227	1.124323	1.418684	0.2166418	5.624758
3966	-5730.249	-5901.565	171.3164	1.116128	1.418684	0.2539166	5.686871
3972	-5717.02	-5886.837	169.8169	0.9749586	1.361426	0.2704953	6.5815
3978	-5720.468	-5890.404	169.9353	0.958006	1.175884	0.2926308	6.5815
3984	-5710.53	-5879.935	169.4044	0.9694953	1.056671	0.2650407	6.957554
3990	-5707.373	-5878.462	171.0889	1.036858	1.053667	0.211997	6.087796
3996	-5699.862	-5870.965	171.1035	1.10137	0.9800879	0.2097598	6.087796
4002	-5705.976	-5877.628	171.6516	0.9412732	0.9800879	0.2097598	5.876094
4008	-5708.392	-5881.14	172.7481	1.035048	0.9800879	0.2097598	5.221951
4014	-5704.153	-5875.281	171.1283	0.9808116	1.296186	0.2097598	5.983055
4020	-5701.931	-5872.95	171.0193	0.9626805	1.458258	0.2097598	5.983055
4026	-5707.191	-5877.485	170.2946	1.012012	1.458258	0.1837165	6.39319
4032	-5703.607	-5874.104	170.4973	1.05362	1.406069	0.1837165	6.282086
4038	-5707.178	-5879.337	172.1585	1.179968	1.406069	0.1837165	5.30366
4044	-5712.286	-5884.646	172.3603	1.147942	1.20681	0.1837165	5.299891
4050	-5724.719	-5897.274	172.5543	1.179612	1.2295	0.1965766	5.142406
4056	-5718.661	-5889.827	171.1654	1.025115	1.643467	0.1965766	5.817962
4062	-5704.553	-5876.054	171.5013	1.116884	1.777994	0.2217237	5.494321
4068	-5706.47	-5878.956	172.4853	1.153643	1.777994	0.2217237	4.929685
4074	-5709.234	-5881.178	171.9436	1.144128	1.777994	0.2011674	5.268247
4080	-5714.896	-5886.702	171.8057	1.113573	1.763419	0.2071393	5.356714
4086	-5711.537	-5883.428	171.8909	1.129552	1.727774	0.2071393	5.313691
4092	-5722.919	-5894.697	171.7775	1.140754	1.76155	0.2300295	5.322123
4098	-5712.752	-5880.918	168.166	0.9711889	1.530753	0.2621843	7.4149
4104	-5698.305	-5867.403	169.0977	0.9565318	1.530753	0.2621843	6.922023
4110	-5701.291	-5874.173	172.8822	1.1861	1.530753	0.2899597	4.685727
4116	-5717.817	-5891.278	173.4607	1.217478	1.81162	0.2899597	4.235317
4122	-5706.174	-5877.634	171.4603	1.12352	1.718733	0.2368636	5.511495
4128	-5704.273	-5875.968	171.6948	1.140526	1.718733	0.2368636	5.373017
4134	-5700.225	-5870.934	170.7084	1.05403	1.216939	0.2368636	6.16692
4140	-5725.451	-5896.394	170.9423	0.9573361	1.393141	0.2552842	5.987138
4146	-5720.33	-5891.206	170.8767	1.06319	1.393141	0.2399676	5.987138
4152	-5711.054	-5880.452	169.3978	1.000108	1.150109	0.2315621	6.945241
4158	-5711.511	-5882.054	170.5429	1.086554	1.507817	0.2315621	6.121641
4164	-5701.458	-5873.41	171.9521	1.127043	1.507817	0.2234885	5.339615
4170	-5709.638	-5882.228	172.5905	1.109408	1.319286	0.2378473	5.054653
4176	-5712.934	-5885.198	172.2647	1.092031	1.651615	0.2793909	5.049191
4182	-5722.256	-5896.029	173.7734	1.277921	1.651615	0.2332498	4.165096
4188	-5712.805	-5885.993	173.1877	1.303106	1.926486	0.1732193	4.483134
4194	-5706.702	-5880.506	173.804	1.293398	1.112423	0.249916	4.354694
4200	-5719.302	-5891.402	172.0997	1.293398	1.801915	0.249916	5.015352
4206	-5706.914	-5877.015	170.1011	1.063369	1.801915	0.249916	6.238808
4212	-5693.376	-5864.68	171.3045	1.052779	1.722413	0.249916	5.615576
4218	-5695.64	-5867.655	172.0147	1.121442	1.722413	0.249916	5.186369
4224	-5699.761	-5871.66	171.8989	1.06649	1.470756	0.249916	5.378054
4230	-5711.79	-5882.723	170.9335	1.126273	1.470756	0.2573769	5.864495
4236	-5718.095	-5888.409	170.3141	0.9343772	1.470756	0.2573769	6.306469
4242	-5716.236	-5887.183	170.9472	1.14533	1.470756	0.2168347	5.906484
4248	-5719.278	-5890.263	170.9847	1.107776	1.470756	0.2168347	5.906484
4254	-5724.773	-5898.571	173.7978	1.17271	1.883319	0.2168347	4.151855
4260	-5712.979	-5884.343	171.3639	1.014819	1.367343	0.2726454	5.712235
4266	-5724.985	-5895.421	170.4366	0.9229494	1.367343	0.2780142	6.261097
4272	-5717.469	-5889.129	171.6605	1.037036	1.185017	0.2037164	5.722705
4278	-5725.139	-5896.41	171.2714	1.112791	1.524969	0.1701962	5.803001
4284	-5730.549	-5902.708	172.1581	1.059113	1.64324	0.2568082	5.161031
4290	-5720.379	-5891.869	171.4899	1.085643	1.367578	0.2142314	5.689527
4296	-5709.698	-5881.096	171.3981	1.103205	1.332325	0.2516785	5.689527
4302	-5705.554	-5877.849	172.2948	1.123498	1.374961	0.2516785	5.165778
4308	-5713.558	-5886.245	172.6868	1.171748	1.241298	0.2180256	5.032941
4314	-5729.961	-5899.864	169.9021	0.9426581	1.162303	0.2771893	6.634428
