Iteration	Posterior	Likelihood	Prior	rate_log_sd	rate_loss	rate_neo	tree_length
0	-5713.049	-5883.983	170.934	0.98755	1.242909	0.3313164	5.943373
6	-5700.286	-5871.006	170.7207	1.009703	1.632139	0.2853221	5.943373
12	-5701.864	-5872.59	170.726	0.9750756	1.397847	0.2853221	6.05263
18	-5715.451	-5885.367	169.9164	0.9943815	1.379174	0.196364	6.619342
24	-5713.303	-5883.306	170.0033	1.035569	1.379174	0.196364	6.550015
30	-5716.805	-5888.905	172.1	1.112686	1.224544	0.2350607	5.37198
36	-5708.077	-5879.801	171.7237	1.10915	1.304904	0.2350607	5.544006
42	-5719.467	-5891.942	172.4758	1.130174	1.620593	0.2300442	4.993523
48	-5706.912	-5879.331	172.4195	1.193405	1.419866	0.1944645	5.127705
54	-5698.224	-5869.674	171.4506	1.106918	1.419866	0.1861935	5.723016
60	-5701.532	-5874.195	172.6628	1.07889	1.30734	0.2257176	5.055254
66	-5698.372	-5868.985	170.6128	1.083782	1.44455	0.2082102	6.146611
72	-5706.433	-5877.151	170.7181	1.005682	1.396789	0.2114662	6.146611
78	-5695.79	-5866.424	170.6341	1.017607	1.528962	0.2731126	6.042264
84	-5707.3	-5878.299	170.999	0.9887187	1.598326	0.2218121	5.905735
90	-5707.978	-5879.982	172.0042	1.091107	1.569559	0.2296608	5.29671
96	-5725.599	-5895.982	170.383	1.063169	1.188904	0.1790419	6.443853
102	-5724.845	-5893.7	168.8547	0.9739707	1.656771	0.2624855	6.995509
108	-5718.336	-5889.086	170.7499	0.9927184	1.260428	0.1752868	6.256197
114	-5717.233	-5888.055	170.8218	1.078908	1.554517	0.1752868	6.046389
120	-5716.632	-5886.32	169.688	0.9017964	1.613789	0.234997	6.639679
126	-5716.951	-5888.1	171.1485	1.014355	1.507248	0.234997	5.825711
132	-5723.204	-5894.622	171.4181	1.023494	1.827148	0.1850346	5.633798
138	-5714.212	-5886.969	172.7572	1.095429	1.414683	0.2584264	4.897849
144	-5709.989	-5882.74	172.7505	1.1502	1.353191	0.2584264	4.897849
150	-5709.281	-5881.053	171.7722	1.128737	1.774724	0.1967391	5.379825
156	-5711.956	-5883.24	171.2839	1.052288	1.248273	0.2480396	5.823101
162	-5709.945	-5879.419	169.4741	0.9945799	1.248273	0.1921651	6.922391
168	-5714.749	-5884.737	169.988	0.9983396	1.248273	0.1921651	6.642946
174	-5712.371	-5883.012	170.6415	1.110262	1.301471	0.1921651	6.203916
180	-5711.806	-5882.345	170.5386	1.099287	1.329329	0.1921651	6.253499
186	-5700.972	-5872.719	171.7475	1.037553	1.541339	0.2522055	5.445634
192	-5700.356	-5870.889	170.5327	1.011899	1.541339	0.3320189	6.021275
198	-5700.1	-5871.942	171.8416	1.120123	1.426214	0.2593215	5.385165
204	-5709.473	-5879.013	169.5408	1.085941	1.340899	0.3119858	6.626325
210	-5701.796	-5873.356	171.5599	1.067399	1.366727	0.3176705	5.517857
216	-5713.108	-5884.155	171.0476	0.973272	1.545823	0.2424793	5.877021
222	-5716.439	-5888.556	172.1176	1.053622	1.201443	0.2424793	5.394822
228	-5701.883	-5873.825	171.9417	1.05601	1.353461	0.2313447	5.437342
234	-5702.23	-5875.156	172.926	1.232927	1.246301	0.2927194	4.755644
240	-5709.61	-5882.835	173.2257	1.175182	1.125431	0.2153261	4.792142
246	-5704.615	-5878.073	173.4577	1.22459	1.214637	0.2153261	4.590303
252	-5715.437	-5888.591	173.1546	1.234355	1.467436	0.1966472	4.671811
258	-5709.852	-5883.812	173.9595	1.246705	1.467436	0.1966472	4.211345
264	-5700.859	-5873.812	172.9533	1.147674	1.485498	0.2323289	4.768093
270	-5704.456	-5876.261	171.8055	1.024209	1.431523	0.2563322	5.459915
276	-5702.964	-5874.769	171.8053	1.154721	1.628936	0.2563322	5.309349
282	-5699.32	-5870.925	171.6049	1.035403	1.416522	0.2142222	5.633121
288	-5707.479	-5879.256	171.7767	1.122264	1.416522	0.1970165	5.518856
294	-5724.763	-5894.819	170.056	1.041037	1.600056	0.2034709	6.418542
300	-5723.467	-5896.457	172.9898	1.204946	1.350701	0.2513972	4.74506
306	-5705.816	-5877.742	171.926	1.067489	1.350701	0.2668031	5.389658
312	-5716.911	-5889.892	172.981	1.008947	1.390635	0.2637931	4.824087
318	-5713.719	-5883.666	169.9474	1.100699	1.649956	0.2533988	6.351464
324	-5714.753	-5886.244	171.4906	1.100426	2.126036	0.2533988	5.347324
330	-5701.413	-5873.564	172.1514	1.141589	1.241961	0.2533988	5.292599
336	-5720.114	-5892.834	172.7198	1.152345	1.293864	0.1880368	5.050334
342	-5709.853	-5881.797	171.9437	1.069594	1.261904	0.1880368	5.539211
348	-5713.413	-5886.498	173.0853	1.28012	1.331962	0.1809527	4.770831
354	-5698.844	-5871.914	173.0695	1.130926	0.974434	0.2864508	4.881421
360	-5707.619	-5880.218	172.5983	1.036277	0.974434	0.2452236	5.252959
366	-5705.399	-5877.751	172.3524	1.117199	1.278575	0.2043539	5.252959
372	-5713.599	-5885.319	171.7204	1.117199	1.278575	0.2370198	5.550383
378	-5704.66	-5876.297	171.6367	1.071001	1.63018	0.1900273	5.550383
384	-5712.328	-5882.789	170.4616	0.978624	1.486655	0.2430812	6.216148
390	-5717.452	-5887.527	170.0746	1.013658	1.486655	0.2430812	6.407276
396	-5703.086	-5873.206	170.1205	0.9812757	1.275824	0.2430812	6.489473
402	-5699.614	-5870.722	171.108	0.9953497	1.374154	0.2674751	5.867082
408	-5706.595	-5876.925	170.3301	1.064307	1.587564	0.2146144	6.24423
414	-5710.556	-5882.329	171.7726	1.186393	1.381463	0.245254	5.42589
420	-5710.733	-5881.458	170.7251	1.012309	1.557135	0.2235669	6.055471
426	-5717.084	-5887.396	170.3117	1.00289	1.23052	0.2588371	6.372523
432	-5704.915	-5876.733	171.8185	1.105846	1.223579	0.2588371	5.496722
438	-5705.724	-5876.951	171.2262	1.002238	1.269689	0.2302266	5.898293
444	-5707.637	-5878.906	171.2685	0.9795917	1.25188	0.2279752	5.899158
450	-5720.829	-5895.497	174.6674	1.438544	1.616801	0.2279752	3.581521
456	-5716.931	-5892.164	175.2329	1.370358	1.438908	0.2279752	3.366336
462	-5716.349	-5889.801	173.4528	1.225539	1.33949	0.2229787	4.522064
468	-5702.871	-5876.658	173.7874	1.246803	1.215898	0.2229787	4.37945
474	-5704.511	-5877.76	173.2491	1.270585	1.215898	0.2571417	4.617327
480	-5707.109	-5880.363	173.2546	1.131181	1.257985	0.2550345	4.675348
486	-5702.495	-5873.157	170.6628	1.085095	1.257985	0.2906495	6.081672
492	-5710.318	-5881.406	171.0873	0.9993447	1.385233	0.2906495	5.840563
498	-5699.316	-5871.138	171.8221	0.9905908	1.385233	0.221453	5.540468
504	-5707.493	-5878.461	170.9676	1.167136	1.746807	0.253299	5.724006
510	-5702.452	-5875.992	173.5397	1.185348	1.468672	0.253299	4.393468
516	-5706.426	-5879.227	172.8007	1.130831	1.468672	0.2577851	4.832056
522	-5719.499	-5892.343	172.8443	1.132224	1.812533	0.280462	4.643221
528	-5715.676	-5889.379	173.703	1.249723	1.362376	0.1916053	4.409
534	-5718.353	-5889.458	171.1048	1.091643	1.565933	0.1969428	5.843672
540	-5719.495	-5890.039	170.5436	1.100577	1.582162	0.244771	6.065152
546	-5718.703	-5891.81	173.1071	1.164108	1.212068	0.26025	4.753843
552	-5725.239	-5897.312	172.0727	1.16894	1.513924	0.26025	5.193197
558	-5738.998	-5909.862	170.8639	1.124126	1.082879	0.2155111	6.142133
564	-5727.742	-5899.857	172.1151	1.037017	1.082879	0.2379032	5.471195
570	-5717.112	-5889.436	172.3245	1.166741	1.317642	0.2857858	5.1035
576	-5705.004	-5877.001	171.9968	1.202969	1.708251	0.2282065	5.188631
582	-5701.807	-5873.07	171.263	1.117598	1.708251	0.2669696	5.583933
588	-5713.765	-5884.501	170.7362	1.004769	1.336125	0.2875762	6.054478
594	-5706.882	-5878.29	171.4085	1.018189	1.513149	0.2875762	5.605401
600	-5703.868	-5874.101	170.2326	0.9946045	1.565735	0.2875762	6.239796
606	-5703.807	-5874.168	170.3606	0.9901669	1.399164	0.2875762	6.239796
612	-5711.801	-5882.322	170.521	1.047886	1.611897	0.2043633	6.156294
618	-5704.723	-5876.5	171.7762	1.100455	1.611897	0.2900697	5.315775
624	-5711.009	-5884.774	173.7657	1.224222	1.194156	0.2762989	4.336178
630	-5703.196	-5876.966	173.7702	1.210505	1.599577	0.235809	4.221647
636	-5707.848	-5878.085	170.2364	1.04517	1.175793	0.2255219	6.464432
642	-5703.884	-5876.288	172.4036	1.010068	1.59205	0.2996811	5.013623
648	-5709.882	-5881.459	171.5765	1.040878	1.384448	0.3003086	5.537454
654	-5709.398	-5881.119	171.7202	1.171781	1.393197	0.3003086	5.382556
660	-5703.752	-5875.957	172.2059	1.147818	1.393197	0.2030007	5.268324
666	-5710.609	-5883.301	172.6928	1.129041	1.393197	0.2008981	5.012487
672	-5701.688	-5875.413	173.7251	1.291781	1.393197	0.2562455	4.256678
678	-5708.375	-5881.274	172.8991	1.217926	1.393197	0.2562455	4.762768
684	-5698.266	-5871.339	173.0727	1.128579	1.149336	0.2562455	4.829493
690	-5701.512	-5874.057	172.5446	1.099709	1.149336	0.2562455	5.139016
696	-5696.742	-5869.641	172.8998	1.200435	1.082906	0.2075733	4.994066
702	-5704.06	-5877.076	173.0153	1.171588	1.2323	0.2424782	4.817055
708	-5711.557	-5883.098	171.5412	1.037533	1.403779	0.2371802	5.637268
714	-5702.172	-5873.21	171.0386	1.097726	1.403779	0.2483828	5.863195
720	-5712.28	-5884.168	171.888	1.051681	1.300836	0.2737049	5.432058
726	-5703.76	-5875.459	171.6996	1.126144	1.541955	0.2317097	5.453104
732	-5706.893	-5878.354	171.4609	1.038836	1.541955	0.2317097	5.632234
738	-5713.363	-5884.072	170.7093	1.046394	1.441285	0.2317097	6.079605
744	-5713.462	-5882.578	169.116	0.9437246	1.289631	0.2317097	7.062406
750	-5718.493	-5889.135	170.6418	1.063862	1.597813	0.2317097	6.044828
756	-5718.528	-5888.257	169.7293	1.013635	1.614315	0.2391848	6.550515
762	-5708.254	-5879.361	171.1067	1.011055	1.24709	0.2391848	5.955838
768	-5704.186	-5876.352	172.1658	1.060507	1.207621	0.2329633	5.375631
774	-5701.099	-5872.133	171.0343	1.074176	1.839168	0.2647794	5.689951
780	-5710.266	-5882.308	172.0415	1.099899	1.75162	0.2453594	5.179518
786	-5711.829	-5884.053	172.2242	1.039285	1.262557	0.2453594	5.310933
792	-5716.02	-5887.618	171.5979	1.117364	1.43331	0.2335838	5.555191
798	-5716.81	-5888.998	172.1881	1.145379	2.006545	0.2109228	5.038722
804	-5703.865	-5875.272	171.4078	1.100128	1.7013	0.2040708	5.610416
810	-5709.998	-5880.588	170.5907	1.066482	1.7013	0.2040708	6.075599
816	-5693.585	-5865.126	171.5408	1.082601	1.253948	0.2441962	5.668709
822	-5698.792	-5871.18	172.3881	1.054861	1.228214	0.2441962	5.229555
828	-5709.796	-5882.457	172.6609	1.161735	1.211085	0.2332723	5.043703
834	-5703.881	-5876.604	172.7233	1.099327	1.211085	0.2332723	5.043703
840	-5707.137	-5878.127	170.9903	1.028192	1.312086	0.2332723	5.989294
846	-5716.239	-5885.926	169.6873	1.047724	1.387379	0.3038984	6.557934
852	-5724.223	-5893.501	169.2782	1.035828	1.467134	0.1974118	6.903507
858	-5716.204	-5886.886	170.6825	1.076503	1.409276	0.1974118	6.144707
864	-5716.256	-5886.97	170.7138	1.031626	1.266767	0.2426441	6.144707
870	-5708.962	-5880.814	171.8522	1.218796	1.541962	0.2044147	5.360681
876	-5708.536	-5880.483	171.947	1.123122	1.585266	0.2348374	5.296676
882	-5721.626	-5894.177	172.5513	1.105889	1.36968	0.2348374	5.060541
888	-5709.066	-5881.66	172.5938	1.208036	1.774863	0.1962252	4.881493
894	-5720.687	-5891.903	171.2157	1.073379	1.356987	0.2714267	5.767512
900	-5713.519	-5883.639	170.1202	1.07558	1.380035	0.2731522	6.351142
906	-5713.299	-5884.007	170.7079	0.9972757	1.624582	0.2731522	5.976209
912	-5701.647	-5874.592	172.9453	1.066098	1.295683	0.2731522	4.841428
918	-5704.244	-5877.296	173.0519	1.144088	1.295683	0.2639828	4.751196
924	-5709.492	-5880.556	171.0638	1.035091	1.295683	0.2870096	5.877777
930	-5724.831	-5898.679	173.8476	1.301714	1.137432	0.1987286	4.393316
936	-5715.198	-5888.812	173.614	1.217081	1.42826	0.2149282	4.40981
942	-5713.216	-5886.032	172.8164	1.240475	1.42826	0.2214956	4.83349
948	-5705.626	-5876.768	171.1411	1.058045	1.288236	0.2214956	5.919161
954	-5710.36	-5881.314	170.9537	1.118506	1.427373	0.2274402	5.919161
960	-5712.886	-5883.548	170.6615	1.085266	1.263847	0.1850212	6.235579
966	-5714.603	-5886.378	171.775	1.092613	1.407426	0.2086481	5.520993
972	-5708.637	-5879.734	171.0967	1.075477	1.508877	0.2100425	5.858258
978	-5715.085	-5886.5	171.4154	1.00504	1.508877	0.2100425	5.722366
984	-5718.806	-5890.785	171.9787	1.05055	1.286888	0.2452661	5.429057
990	-5705.892	-5878.924	173.0317	1.277652	1.563837	0.2671844	4.56851
996	-5713.36	-5885.094	171.7341	1.277652	1.743819	0.1487848	5.415785
1002	-5715.129	-5888.149	173.02	1.209321	1.33047	0.1906737	4.83055
1008	-5705.526	-5878.057	172.5309	1.156371	1.528952	0.2356696	4.975842
1014	-5701.731	-5872.909	171.1779	1.007906	1.528952	0.2918533	5.725585
1020	-5706.966	-5878.002	171.0356	1.025875	1.402753	0.2173414	5.95081
1026	-5703.616	-5875.287	171.6703	1.066162	1.186388	0.2429321	5.640449
1032	-5716.994	-5889.884	172.8901	1.120614	1.604883	0.1799368	4.856623
1038	-5712.958	-5883.678	170.7201	1.085889	1.350429	0.2403192	6.077938
1044	-5723.496	-5893.155	169.6586	0.980158	1.513721	0.2970973	6.56704
1050	-5710.04	-5879.796	169.7552	0.9423159	1.493127	0.2551786	6.599151
1056	-5701.9	-5874.013	172.1129	1.166359	1.260318	0.2157333	5.348199
1062	-5707.324	-5879.401	172.0778	1.153953	1.260318	0.2540755	5.316902
1068	-5718.252	-5890.608	172.356	1.120052	1.736695	0.2046377	5.062447
1074	-5724.228	-5895.72	171.4916	1.091909	1.736695	0.2228347	5.526408
1080	-5706.76	-5878.918	172.1579	1.08654	1.204814	0.2488829	5.343507
1086	-5723.865	-5894.842	170.9765	1.06385	1.656786	0.2488829	5.814801
1092	-5708.085	-5879.384	171.2992	1.059791	1.656786	0.2161632	5.689277
1098	-5718.706	-5889.351	170.6447	1.03881	1.656786	0.1953876	6.091713
1104	-5707.547	-5879.321	171.7735	1.089725	1.244153	0.237742	5.551125
1110	-5711.702	-5882.057	170.3546	1.086758	1.244153	0.2771398	6.272505
1116	-5715.62	-5887.065	171.445	1.086758	1.244153	0.2771398	5.67747
1122	-5721.385	-5891.881	170.4956	1.087789	1.239948	0.2058859	6.300941
1128	-5717.498	-5889.048	171.5506	1.141786	1.343279	0.2886618	5.529213
1134	-5715.356	-5887.157	171.8005	1.031945	1.385022	0.2198703	5.532182
1140	-5719.029	-5891.225	172.1966	1.219837	1.362326	0.245631	5.181125
1146	-5711.03	-5883.883	172.853	1.18786	1.490209	0.2072115	4.839366
1152	-5716.36	-5887.734	171.3738	1.126838	1.357003	0.2002997	5.757463
1158	-5715.33	-5885.108	169.7781	1.03049	1.627044	0.1965292	6.57589
1164	-5715.874	-5886.96	171.0867	1.043692	1.627044	0.1965292	5.857081
1170	-5706.667	-5877.964	171.2975	1.044111	1.065486	0.1738761	6.027467
1176	-5713.923	-5885.282	171.3597	1.031795	1.129788	0.211859	5.904189
1182	-5710.3	-5882.052	171.7514	1.13751	1.147582	0.211859	5.622985
1188	-5697.213	-5868.829	171.6159	1.09285	1.169747	0.211859	5.710903
1194	-5708.475	-5878.245	169.7691	1.085716	1.641479	0.2621112	6.447346
1200	-5720.758	-5890.644	169.8861	0.945748	1.641479	0.2712711	6.447346
1206	-5711.824	-5881.827	170.0031	1.03892	1.392075	0.2387555	6.477467
1212	-5711.756	-5882.565	170.8088	1.001471	1.339968	0.3234181	5.96996
1218	-5709.402	-5880.444	171.0411	1.153566	1.22853	0.2081008	5.96996
1224	-5708.127	-5877.771	169.6436	0.9227028	1.439726	0.2317257	6.725372
1230	-5707.619	-5881.042	173.4228	1.159256	1.2843	0.2550185	4.552993
1236	-5704.618	-5876.401	171.7831	1.07396	1.32766	0.2550185	5.491491
1242	-5703.111	-5874.257	171.1457	1.124236	1.67257	0.188966	5.776405
1248	-5711.965	-5882.141	170.1758	1.110098	1.463294	0.188966	6.393476
1254	-5723.057	-5893.413	170.3557	0.9396256	1.380868	0.2191182	6.374264
1260	-5712.955	-5884.488	171.5336	1.043811	1.26118	0.2640155	5.662474
1266	-5704.708	-5875.547	170.8391	1.1638	1.269196	0.2640155	5.973116
1272	-5705.478	-5875.753	170.2742	0.9295683	1.430558	0.2453784	6.36412
1278	-5699.828	-5871.453	171.6245	0.9511964	1.220368	0.2453784	5.708837
1284	-5706.878	-5879.482	172.6034	1.201096	1.699758	0.1995602	4.901849
1290	-5704.434	-5872.75	168.3162	0.8522845	1.892848	0.2851782	7.238542
1296	-5706.14	-5875.907	169.7676	0.9313074	1.892848	0.2851782	6.412767
1302	-5715.944	-5886.153	170.2097	1.019683	1.525153	0.2048911	6.373367
1308	-5715.109	-5887.765	172.6566	1.056602	1.289108	0.2048911	5.112433
1314	-5705.486	-5877.787	172.3011	1.119925	1.359192	0.2048911	5.242769
1320	-5710.299	-5883.077	172.7782	1.25758	1.381603	0.2414248	4.834896
1326	-5718.245	-5890.138	171.8927	1.131943	1.381603	0.19815	5.462738
1332	-5728.267	-5899.594	171.3271	1.025788	1.325809	0.2991041	5.709728
1338	-5705.476	-5876.168	170.692	1.112778	1.630974	0.205575	6.018686
1344	-5711.664	-5883.219	171.5545	1.139537	1.027454	0.2220714	5.775683
1350	-5710.036	-5882.275	172.2388	1.184037	1.481646	0.2220714	5.162558
1356	-5717.091	-5890.334	173.2423	1.179128	1.189684	0.1829524	4.802701
1362	-5717.829	-5890.824	172.9944	1.27145	1.409815	0.1829524	4.788654
1368	-5706.545	-5878.439	171.8943	1.161379	1.409815	0.1829524	5.459288
1374	-5713.073	-5886.115	173.0421	1.256794	1.227672	0.2414952	4.7582
1380	-5709.766	-5881.502	171.7359	1.059659	1.227672	0.2414952	5.590462
1386	-5718.973	-5888.58	169.6071	0.9233224	1.227672	0.2808937	6.76846
1392	-5711.31	-5881.974	170.6644	1.013907	1.323041	0.2720111	6.114992
1398	-5705.584	-5875.049	169.4651	1.007987	1.479571	0.202496	6.804509
1404	-5703.443	-5875.603	172.1602	1.171722	1.765263	0.2124993	5.119324
1410	-5712.518	-5882.118	169.5997	0.9862165	1.765263	0.2124993	6.620909
1416	-5717.496	-5888.271	170.7746	1.062314	1.298781	0.211362	6.127715
1422	-5706.477	-5879.041	172.5644	1.166315	1.64946	0.2324094	4.909536
1428	-5703.833	-5876.41	172.577	1.083719	1.64946	0.2588927	4.909536
1434	-5715.934	-5886.655	170.7207	1.159836	1.514098	0.1652687	6.091172
1440	-5706.258	-5879.189	172.9308	1.255245	1.499383	0.1652687	4.82752
1446	-5705.812	-5877.856	172.0442	1.172199	1.43683	0.1865273	5.353227
1452	-5697.153	-5869.091	171.9384	1.086278	1.251252	0.2507144	5.440064
1458	-5709.13	-5880.419	171.2887	1.119907	1.472309	0.2544058	5.677071
1464	-5694.911	-5867.111	172.1996	1.091782	1.405194	0.2317469	5.252424
1470	-5702.474	-5874.848	172.3739	1.110178	1.405194	0.2425831	5.129569
1476	-5704.716	-5876.121	171.4052	1.110178	1.405194	0.2823929	5.607996
1482	-5697.342	-5868.717	171.3741	1.036748	1.397263	0.2442163	5.721711
1488	-5699.494	-5870.625	171.1316	1.08419	1.143808	0.1985429	6.014514
1494	-5706.82	-5878.829	172.0092	1.05136	1.391103	0.2699756	5.330801
1500	-5703.155	-5874.663	171.5084	1.132497	1.391103	0.3043223	5.516584
1506	-5710.06	-5881.504	171.4433	1.066722	1.885086	0.2218309	5.516584
1512	-5707.635	-5880.773	173.1376	1.224242	1.885086	0.2218309	4.48744
1518	-5707.913	-5881.619	173.7053	1.231717	1.37721	0.1868352	4.419588
1524	-5716.117	-5889.341	173.2238	1.238232	1.467482	0.2771508	4.508304
1530	-5699.7	-5870.733	171.0328	1.035081	1.658395	0.1963005	5.879902
1536	-5710.519	-5881.442	170.9231	1.035081	1.658395	0.2346297	5.879902
1542	-5707.773	-5878.735	170.9623	1.046715	1.377848	0.2346297	5.963827
1548	-5712.664	-5884.631	171.9669	1.046715	1.377848	0.2236678	5.429679
1554	-5710.408	-5880.316	169.9083	1.039203	1.474893	0.303861	6.406723
1560	-5700.078	-5871.754	171.6761	1.091647	1.230582	0.2807193	5.549479
1566	-5706.217	-5878.463	172.2461	1.140509	1.447033	0.2313452	5.182698
1572	-5704.383	-5875.042	170.659	1.052858	1.336948	0.2662592	6.098455
1578	-5710.268	-5880.237	169.9689	1.023397	1.811436	0.2643826	6.308882
1584	-5713.534	-5884.01	170.4758	1.017562	1.343584	0.2643826	6.217029
1590	-5692.24	-5864.17	171.9304	1.072553	1.195926	0.2643826	5.458874
1596	-5695.799	-5867.787	171.9883	1.112698	1.538939	0.2934852	5.215832
1602	-5715.525	-5889.069	173.5439	1.121296	1.538939	0.2661728	4.379649
1608	-5717.464	-5890.247	172.7826	1.129806	1.502583	0.2500002	4.839926
1614	-5715.598	-5887.719	172.1203	1.237449	1.573642	0.2471387	5.123946
1620	-5711.714	-5884.98	173.2657	1.205251	1.517595	0.2359592	4.542142
1626	-5706.923	-5880.235	173.3116	1.167595	1.444346	0.2410236	4.560365
1632	-5709.739	-5883.351	173.612	1.266958	1.320454	0.2410236	4.389893
1638	-5735.013	-5906.222	171.2092	1.189152	1.721244	0.1425129	5.773009
1644	-5703.991	-5875.695	171.7037	1.116505	1.349941	0.2408398	5.522406
1650	-5705.397	-5875.929	170.5314	0.9446251	1.349941	0.2408398	6.256948
1656	-5707.844	-5878.243	170.3993	0.9789703	1.349941	0.2791339	6.256948
1662	-5705.342	-5876.331	170.989	0.9897465	1.499539	0.2918892	5.850583
1668	-5711.809	-5882.263	170.4538	1.094848	1.245363	0.3016104	6.18192
1674	-5715.962	-5886.773	170.8112	1.101098	1.245363	0.2467516	6.057737
1680	-5714.626	-5886.358	171.7313	1.128792	1.245363	0.210609	5.593885
1686	-5709.875	-5881.887	172.0115	1.150164	1.245363	0.2447269	5.376035
1692	-5713.844	-5886.443	172.5991	1.22246	1.238931	0.2186557	5.053582
1698	-5712.45	-5883.768	171.3189	1.089795	1.597148	0.1447876	5.809019
1704	-5709.817	-5883.922	174.1051	1.238355	1.1355	0.1599183	4.354493
1710	-5715.39	-5886.58	171.19	1.045958	1.463638	0.2008386	5.856445
1716	-5708.821	-5879.272	170.4516	1.011131	1.359613	0.3013798	6.178019
1722	-5707.275	-5877.75	170.4744	1.032491	1.427537	0.1949387	6.278266
1728	-5692.625	-5863.755	171.1305	1.06515	1.514743	0.2168302	5.832363
1734	-5694.279	-5866.728	172.4487	1.156075	1.307123	0.2750234	5.059796
1740	-5699.844	-5871.553	171.7092	1.008573	1.348515	0.2493882	5.566898
1746	-5712.523	-5885.582	173.0583	1.139995	1.586736	0.2419369	4.658295
1752	-5700.422	-5869.997	169.5748	0.9456527	1.594292	0.2419369	6.674379
1758	-5709.76	-5880.32	170.56	1.030766	1.666124	0.2419369	6.066772
1764	-5712.799	-5884.346	171.5471	1.138031	1.314544	0.2313837	5.626324
1770	-5712.85	-5885.224	172.3737	1.201421	1.451997	0.2270592	5.082712
1776	-5711.85	-5884.591	172.7406	1.21015	1.566186	0.2270592	4.827418
1782	-5708.367	-5880.051	171.6841	1.034792	1.331686	0.2527403	5.568912
1788	-5714.139	-5886.524	172.3855	1.03354	1.330662	0.2451334	5.194407
1794	-5711.301	-5884.352	173.0519	1.124886	1.770364	0.2451334	4.59632
1800	-5702.332	-5875.006	172.6733	1.068513	1.405338	0.2223402	5.017287
1806	-5710.53	-5882.493	171.9634	1.074999	1.166419	0.2084807	5.537028
1812	-5711.162	-5884.129	172.9678	1.217252	1.410012	0.2214559	4.769772
1818	-5712.58	-5885.534	172.9546	1.225203	1.416874	0.2214559	4.769772
1824	-5714.19	-5886.162	171.9726	1.117189	1.321992	0.2214559	5.415673
1830	-5725.102	-5897.864	172.762	1.10889	1.438631	0.2601181	4.875105
1836	-5722.287	-5894.109	171.8221	1.174329	1.76829	0.1984199	5.326636
1842	-5728.995	-5899.941	170.9459	1.013768	1.433129	0.2352295	5.966567
1848	-5728.293	-5899.301	171.0085	1.093492	1.298506	0.2221695	5.966567
1854	-5706.822	-5878.051	171.2297	1.073283	1.612067	0.2255067	5.722361
1860	-5705.481	-5877.419	171.9375	1.10662	1.443812	0.2451876	5.352633
1866	-5707.901	-5878.159	170.2573	1.056892	1.286681	0.2592338	6.346583
1872	-5714.475	-5884.377	169.902	1.056892	1.286681	0.2684197	6.526583
1878	-5701.537	-5872.647	171.1097	1.092001	1.48905	0.2684197	5.764137
1884	-5706.333	-5877.364	171.0312	1.071786	1.58435	0.2684197	5.780526
1890	-5706.045	-5878.011	171.9665	1.181802	1.325308	0.2264625	5.374251
1806	-5698.984	-5870.997	172.0129	1.132338	1.086322	0.2041659	5.525506
1812	-5706.435	-5877.657	171.2221	1.150675	1.227169	0.2041659	5.879664
1818	-5701.928	-5874.926	172.998	1.091755	1.402715	0.265788	4.760312
1824	-5695.906	-5869.785	173.8793	1.284204	1.402715	0.2415039	4.19129
1830	-5702.516	-5873.507	170.991	1.064328	1.536369	0.3129756	5.767286
1836	-5702.255	-5872.259	170.0047	0.9526695	1.244199	0.3129756	6.489248
1842	-5707.878	-5877.765	169.8862	1.012909	1.34828	0.3129756	6.474461
1848	-5713.275	-5884.367	171.0917	1.018037	1.34828	0.211089	5.957596
1854	-5702.188	-5873.794	171.6065	1.11955	1.576739	0.2208448	5.510929
1860	-5703.828	-5876.725	172.897	1.234833	1.269306	0.269601	4.791334
1866	-5704.136	-5877.094	172.9578	1.209338	1.269306	0.269601	4.771628
1872	-5705.95	-5879.36	173.41	1.174243	1.189601	0.2280933	4.637352
1878	-5696.331	-5869.219	172.888	1.115387	1.189601	0.2348358	4.951315
1884	-5709.315	-5882.439	173.124	1.140807	1.494908	0.2308239	4.674873
1890	-5704.029	-5877.173	173.1442	1.152873	1.521151	0.2125603	4.674873
1896	-5707.533	-5880.05	172.5175	1.160919	1.386636	0.2772099	4.980678
1902	-5705.24	-5876.679	171.4391	1.150115	1.529203	0.256042	5.552712
1908	-5704.602	-5876.783	172.1808	1.199758	1.635053	0.256042	5.074747
1914	-5705.18	-5876.749	171.5691	1.102732	1.635053	0.25519	5.467436
1920	-5694.17	-5863.406	169.2365	1.040353	1.155461	0.2476437	6.984618
1926	-5700.531	-5870.997	170.4668	0.9992837	1.214392	0.2476437	6.313566
1932	-5695.744	-5866.728	170.9841	1.06352	1.478558	0.2325611	5.903856
1938	-5700.429	-5870.547	170.1185	1.010645	1.494133	0.2325611	6.397463
1944	-5700.146	-5870.318	170.1724	0.9166395	1.327896	0.2992784	6.397463
1950	-5700.569	-5870.739	170.1699	0.979095	1.475951	0.2823808	6.324553
1956	-5707.057	-5878.649	171.5917	1.101629	1.475951	0.2176833	5.573932
1962	-5697.413	-5870.244	172.8311	1.101629	1.641641	0.2357719	4.794799
1968	-5708.887	-5881.481	172.5944	1.095217	1.578088	0.2349882	4.956051
1974	-5714.409	-5885.156	170.7464	1.056379	1.307671	0.1969191	6.165529
1980	-5709.035	-5879.34	170.3045	1.127631	1.220766	0.2329473	6.350387
1986	-5708.328	-5878.685	170.3574	0.9518071	1.370266	0.2329473	6.350387
1992	-5710.986	-5882.647	171.6613	0.9782865	1.370266	0.2295483	5.629594
1998	-5711.301	-5882.295	170.994	1.057764	1.43636	0.2898194	5.839142
2004	-5703.464	-5875.326	171.8617	1.115078	1.743111	0.2898194	5.211979
2010	-5700.884	-5871.712	170.8285	0.9932736	1.350601	0.2400056	6.069756
2016	-5702.281	-5871.294	169.0134	0.9833504	1.567043	0.2301097	6.984568
2022	-5701.479	-5871.671	170.1918	1.154259	1.870128	0.2337464	6.140267
2028	-5712.173	-5882.581	170.408	1.162962	1.572203	0.2198571	6.146006
2034	-5710.356	-5882.524	172.168	1.146021	1.34953	0.2198571	5.282285
2040	-5726.911	-5901.986	175.0755	1.37986	1.108874	0.214374	3.635833
2046	-5717.57	-5891.045	173.475	1.263999	1.108874	0.214374	4.613012
2052	-5712.967	-5887.074	174.1072	1.201774	1.188408	0.2642274	4.175344
2058	-5714.69	-5886.925	172.2344	1.020157	1.404514	0.2447324	5.253717
2064	-5716.445	-5887.323	170.878	0.9912841	1.558284	0.2538019	5.938722
2070	-5713.571	-5884.682	171.1108	0.9909741	1.760285	0.2627477	5.724004
2076	-5710.281	-5880.662	170.381	0.9788607	1.361012	0.2742276	6.268684
2082	-5718.898	-5889.202	170.3038	1.027926	1.431902	0.2984125	6.222556
2088	-5720.139	-5892.831	172.692	1.154833	1.273537	0.2984125	4.909475
2094	-5715.863	-5889.362	173.4991	1.241993	1.445341	0.2110869	4.459457
2100	-5715.947	-5888.639	172.692	1.099953	1.518966	0.2325379	4.926359
2106	-5713.559	-5885.849	172.2899	1.095053	1.493916	0.2328802	5.161915
2112	-5713.884	-5886.36	172.4758	1.103307	1.244556	0.2869543	5.086804
2118	-5705.983	-5877.371	171.3874	1.001236	1.555406	0.2490911	5.662372
2124	-5703.369	-5875.576	172.2072	1.197755	1.555406	0.2976328	5.035509
2130	-5707.296	-5880.39	173.094	1.16276	1.3622	0.203983	4.778733
2136	-5710.185	-5883.25	173.0641	1.16276	1.160104	0.1826553	4.926247
2142	-5710.187	-5882.524	172.3367	1.082814	1.354668	0.2879712	5.123868
2148	-5709.146	-5881.668	172.5219	1.082814	1.354668	0.216891	5.123868
2154	-5710.204	-5884.379	174.1755	1.229405	1.308456	0.2526805	4.079778
2160	-5713.8	-5885.926	172.1262	1.138184	1.308456	0.2526805	5.278901
2166	-5701.004	-5873.323	172.3184	1.090456	1.149925	0.2493379	5.278901
2172	-5710.997	-5882.437	171.44	1.09652	1.104744	0.2493379	5.781137
2178	-5714.935	-5886.734	171.7989	1.149638	1.180724	0.2916872	5.459398
2184	-5704.161	-5874.914	170.7529	1.128846	1.516508	0.2538428	5.948273
2190	-5705.148	-5875.445	170.2969	1.02306	1.361971	0.2538428	6.317951
2196	-5699.874	-5871.15	171.2763	1.023496	1.361971	0.1999642	5.865746
2202	-5708.22	-5879.397	171.1771	1.0664	1.434524	0.1999642	5.865746
2208	-5715.438	-5885.684	170.2458	0.9397297	1.591692	0.2278908	6.33583
2214	-5720.209	-5892.713	172.5038	1.135742	1.69728	0.2051217	4.985302
2220	-5708.19	-5878.774	170.584	1.005485	1.69728	0.2201305	6.0887
2226	-5701.365	-5871.018	169.6535	0.9377834	1.340261	0.2444963	6.735159
2232	-5707.442	-5879.013	171.5705	1.116511	1.647792	0.2444963	5.469721
2238	-5713.927	-5886.115	172.1885	1.218689	1.452917	0.2009105	5.216929
2244	-5711.867	-5882.713	170.846	1.11129	1.484078	0.2009105	6.000224
2250	-5713.818	-5884.826	171.0076	1.001876	1.234685	0.2598895	5.9911
2256	-5722.175	-5893.82	171.6452	1.03156	1.645982	0.2266061	5.502724
2262	-5711.009	-5882.891	171.8813	1.158656	1.645982	0.214994	5.320628
2268	-5703.336	-5874.702	171.3656	1.060904	1.62586	0.214994	5.665713
2274	-5704.111	-5875.89	171.7787	1.060105	1.262067	0.214994	5.59094
2280	-5704.534	-5876.862	172.3274	1.112029	1.287656	0.3410704	5.076331
2286	-5702.056	-5874.364	172.3077	1.158621	1.287656	0.3286684	5.076331
2292	-5715.236	-5886.778	171.5418	1.128349	1.342612	0.2977328	5.529948
2298	-5709.618	-5881.746	172.1276	1.073221	1.303024	0.2551339	5.312907
2304	-5706.65	-5882.072	175.4222	1.457816	1.435764	0.2266185	3.206729
2310	-5702.898	-5878.104	175.2068	1.375924	1.435764	0.2640731	3.323762
2316	-5707.121	-5881.719	174.5978	1.281353	1.370027	0.2640731	3.763026
2322	-5715.496	-5889.955	174.4589	1.270284	1.370027	0.2212358	3.914833
2328	-5720.615	-5895.585	174.97	1.318182	1.370971	0.217186	3.598582
2334	-5707.004	-5880.904	173.8998	1.228372	1.464225	0.2500423	4.17196
2340	-5714.566	-5887.181	172.6154	1.166689	1.464225	0.2091107	4.991028
2346	-5726.283	-5898.997	172.7143	1.190632	1.477168	0.2091107	4.917342
2352	-5715.219	-5886.851	171.6319	1.096872	1.546475	0.2140088	5.531923
2358	-5708.123	-5879.821	171.698	1.07771	1.482103	0.2140088	5.531923
2304	-5790.014	-5963.077	173.0629	1.107402	1.412755	0.1969276	4.816698
2310	-5709.795	-5879.837	170.0419	1.075765	1.614508	0.1607355	6.475044
2316	-5716.195	-5887.816	171.6205	1.075765	1.614508	0.1607355	5.614482
2322	-5707.869	-5879.309	171.4395	1.129065	1.614508	0.1802312	5.649504
2328	-5698.439	-5870.816	172.3772	1.184201	1.614508	0.1802312	5.102143
2334	-5703.65	-5876.173	172.5226	1.156866	1.043372	0.1802312	5.294068
2340	-5702.679	-5874.112	171.4328	1.102612	1.257208	0.2306939	5.735442
2346	-5729.76	-5899.744	169.9842	1.01871	1.257208	0.2306939	6.569568
2352	-5720.003	-5891.421	171.4182	1.081341	1.257208	0.2306939	5.755086
2358	-5714.707	-5886.868	172.1606	1.019162	1.358961	0.2306939	5.335586
2364	-5704.907	-5876.618	171.7109	1.099175	1.319373	0.2722241	5.497074
2370	-5702.782	-5875.282	172.4998	1.115702	1.319373	0.2421559	5.09501
2376	-5697.227	-5867.984	170.7571	0.9861926	1.212736	0.2421559	6.171556
2382	-5701.973	-5871.208	169.235	1.010452	1.340306	0.2519576	6.911161
2388	-5700.928	-5870.72	169.7927	0.9330672	1.370963	0.2519576	6.638709
2394	-5703.919	-5873.391	169.4717	0.9392927	1.370963	0.2519576	6.808718
2400	-5712.193	-5882.313	170.12	0.8953701	1.370963	0.2519576	6.481948
2406	-5701.301	-5871.662	170.3603	1.063053	0.9198085	0.2530072	6.481948
2412	-5701.044	-5873.507	172.4621	1.113138	1.346567	0.2530072	5.089367
2418	-5710.164	-5882.188	172.0239	1.037927	1.346567	0.2530072	5.373252
2424	-5711.333	-5883.896	172.5628	1.211745	1.537435	0.2530072	4.898268
2430	-5700.149	-5873.783	173.6343	1.330884	1.537435	0.2322534	4.260909
2436	-5716.277	-5888.933	172.6558	1.257346	1.537435	0.2619348	4.808255
2442	-5712.625	-5885.957	173.3326	1.272674	1.537435	0.2619348	4.420122
2448	-5712.398	-5884.97	172.572	1.130012	1.450709	0.2373064	4.997292
2454	-5718.074	-5891.117	173.0428	1.221635	1.152395	0.3585357	4.660962
2460	-5713.935	-5886.284	172.3497	1.195676	1.665014	0.1797023	5.092779
2466	-5715.616	-5887.738	172.1217	1.128928	1.58174	0.3116552	5.092779
2472	-5716.603	-5888.133	171.5302	1.178816	1.58174	0.3116552	5.392189
2478	-5714.18	-5885.879	171.6988	1.116934	1.612506	0.2584337	5.392189
2484	-5710.481	-5883.225	172.7434	1.21565	1.526777	0.2192825	4.850692
2490	-5703.616	-5875.671	172.0543	1.141786	1.259951	0.2192825	5.38865
2496	-5709.548	-5882.267	172.7188	1.141066	1.259951	0.1980596	5.055818
2502	-5710.372	-5883.461	173.0889	1.143006	1.259951	0.1980596	4.848918
2508	-5713.752	-5886.865	173.1127	1.203285	1.259951	0.1711867	4.848918
2514	-5705.532	-5877.227	171.6945	1.159569	1.359237	0.2230594	5.526468
2520	-5701.099	-5873.111	172.0119	1.10269	1.516109	0.217334	5.32631
2526	-5706.935	-5880.119	173.1847	1.292866	1.516109	0.1752755	4.639387
2532	-5703.93	-5876.353	172.4228	1.191154	1.516109	0.1752755	5.120575
2538	-5709.15	-5881.52	172.3706	1.145686	1.516109	0.2066587	5.12125
2544	-5718.676	-5889.974	171.2982	1.157705	1.516109	0.2066587	5.705458
2550	-5715.775	-5886.841	171.0663	1.195768	1.172053	0.2971307	5.83318
2556	-5713.345	-5884.385	171.0399	0.9743615	1.298424	0.3192872	5.881953
2562	-5704.779	-5875.591	170.8112	1.033349	1.775982	0.2466509	5.881953
2568	-5706.946	-5879.083	172.1373	1.228796	1.775982	0.1995428	5.117643
2574	-5707.56	-5880.262	172.7018	1.099591	1.192901	0.1995428	5.117643
2580	-5704.126	-5877.012	172.8859	1.094739	1.274267	0.2362267	4.921592
2586	-5718.509	-5889.494	170.9852	1.076834	1.274267	0.257108	5.948113
2592	-5710.183	-5882.015	171.8321	1.123911	1.274267	0.257108	5.458125
2598	-5712.242	-5882.707	170.4649	0.9317604	1.564997	0.2146843	6.251594
2604	-5710.759	-5880.997	170.2376	0.9822708	1.564997	0.28128	6.252356
2610	-5710.593	-5880.532	169.9391	0.9669133	1.275566	0.2640301	6.566215
2616	-5711.347	-5883.01	171.6629	1.110251	1.439138	0.277045	5.459227
2622	-5716.587	-5887.293	170.7062	1.075351	1.616785	0.2922618	5.912206
2628	-5712.243	-5882.576	170.3337	0.9603864	1.360805	0.2922618	6.280817
2634	-5723.269	-5895.735	172.4661	1.133688	1.53563	0.2578517	4.989297
2640	-5707.734	-5878.68	170.9457	1.042197	1.44437	0.2061701	5.991254
2646	-5706.852	-5877.587	170.7353	1.017663	1.44437	0.2958309	5.991254
2652	-5711.681	-5882.751	171.0707	0.9897885	1.44437	0.2727437	5.853722
2658	-5704.291	-5876.305	172.0146	1.02695	1.44437	0.2727437	5.314961
2664	-5715.121	-5886.152	171.0307	1.096748	1.415229	0.1926344	5.949312
2670	-5711.148	-5881.979	170.8305	1.029154	1.17412	0.1926344	6.203432
2676	-5711.921	-5882.717	170.7956	1.134252	1.436879	0.1926344	6.048095
2682	-5706.993	-5879.857	172.8642	1.069314	1.62179	0.2385224	4.797841
2688	-5709.171	-5879.81	170.6389	1.051883	1.39052	0.2385224	6.126159
2694	-5707.294	-5877.809	170.515	1.024378	1.199948	0.2385224	6.293734
2700	-5709.71	-5883.341	173.6313	1.203319	1.44403	0.2772985	4.307887
2706	-5707.622	-5881.163	173.5407	1.091004	1.44403	0.2772985	4.42245
2712	-5706.747	-5879.406	172.6592	1.147233	1.652917	0.2772985	4.801277
2718	-5721.132	-5892.871	171.7392	1.207375	1.625422	0.222889	5.367635
2724	-5716.99	-5887.297	170.3074	0.9488733	1.382075	0.2891201	6.296365
2730	-5711.977	-5882.049	170.0723	0.9511264	1.590046	0.2267827	6.426036
2736	-5703.376	-5874.626	171.25	1.092646	1.35013	0.2267827	5.805244
2742	-5706.952	-5879.739	172.7873	1.159714	1.35013	0.2280085	4.918459
2748	-5711.831	-5884.737	172.9065	1.14292	1.35013	0.2280085	4.861437
2754	-5711.017	-5882.73	171.7133	1.086258	1.268652	0.2280085	5.589356
2760	-5711.36	-5882.807	171.4469	1.055429	1.268652	0.2226355	5.760529
2766	-5718.062	-5890.805	172.7437	1.06813	1.106602	0.2226355	5.117846
2772	-5718.039	-5890.232	172.1929	1.130213	1.62974	0.2226355	5.158336
2778	-5710.842	-5883.639	172.7971	1.123466	1.265146	0.2226355	4.980082
2784	-5697.206	-5868.612	171.4054	1.012564	1.265146	0.237088	5.786518
2790	-5708.685	-5879.56	170.8749	0.9987711	1.936832	0.2641751	5.786518
2796	-5700.907	-5872.19	171.2826	1.024374	1.314039	0.2641751	5.786518
2802	-5691.515	-5863.926	172.4109	1.138571	1.314039	0.2641751	5.102365
2808	-5698.13	-5870.715	172.5846	1.136402	1.314039	0.209449	5.089391
2814	-5711.663	-5884.657	172.9942	1.175164	1.313353	0.23272	4.803813
2820	-5705.292	-5878.344	173.0519	1.158347	1.28523	0.23272	4.793869
2826	-5709.769	-5883.635	173.8664	1.291055	1.343663	0.2001009	4.287266
2832	-5707.062	-5880.15	173.088	1.193699	1.569328	0.253138	4.601965
2838	-5704.592	-5877.127	172.5356	1.118683	1.464918	0.2091765	5.061619
2844	-5703.035	-5875.537	172.502	1.208811	1.63879	0.2091765	4.961106
2850	-5703.528	-5875.232	171.7037	1.094215	1.63879	0.2091765	5.465996
2802	-5733.416	-5903.07	169.6538	0.923714	1.490978	0.2095283	6.732424
2808	-5715.083	-5884.951	169.8677	0.9312187	1.490978	0.2095283	6.612734
2814	-5707.353	-5878.291	170.9381	0.9701062	1.141981	0.212067	6.161288
2820	-5711.097	-5883.13	172.0329	1.10977	1.05939	0.2473252	5.474837
2826	-5704.928	-5876.725	171.797	1.156531	1.482166	0.189128	5.474837
2832	-5699.293	-5871.159	171.8658	1.044801	1.434282	0.2156995	5.474837
2838	-5702.175	-5871.515	169.3402	0.9786782	1.283965	0.2917969	6.842919
2844	-5717.557	-5887.345	169.7875	0.8706852	1.586858	0.2078219	6.654238
2850	-5712.121	-5882.596	170.4755	0.9742031	1.586858	0.2184248	6.208544
2856	-5707.671	-5878.454	170.7826	1.028203	1.518687	0.2184248	6.038446
2862	-5704.766	-5875.552	170.7858	0.9512501	1.42684	0.2720941	6.038446
2868	-5704.823	-5875.635	170.8117	1.038798	1.246871	0.2848328	6.038446
2874	-5712.079	-5884.064	171.9847	1.135683	1.17206	0.2848328	5.377968
2880	-5701.84	-5872.756	170.9164	0.9115872	1.427278	0.2794781	5.978783
2886	-5695.24	-5866.114	170.8741	0.9357782	1.451174	0.2794781	5.978783
2892	-5692.725	-5863.786	171.0616	1.007276	1.451174	0.2428497	5.888277
2898	-5694.787	-5865.719	170.9329	1.081363	1.413052	0.2428497	5.933943
2904	-5701.962	-5873.276	171.3145	1.135281	1.673843	0.2149502	5.635076
2910	-5715.32	-5887.686	172.3663	1.105233	1.549737	0.215674	5.118129
2916	-5721.961	-5893.054	171.0925	1.062287	1.443944	0.3046517	5.760647
2922	-5714.45	-5884.411	169.9602	0.9345104	1.520909	0.3120079	6.40687
2928	-5711.132	-5883.553	172.4218	1.067029	1.520909	0.2246547	5.106042
2934	-5716.702	-5888.832	172.1299	1.143699	1.555542	0.3049661	5.098883
2940	-5709.693	-5883.404	173.7112	1.179044	1.56851	0.2146353	4.318677
2946	-5709.412	-5882.578	173.1658	1.212254	1.401568	0.3169036	4.5312
2952	-5710.035	-5883.155	173.1204	1.223399	1.401568	0.3133177	4.555029
2958	-5707.439	-5880.62	173.1811	1.12548	1.557594	0.2302717	4.626909
2964	-5708.025	-5879.969	171.9444	1.12548	1.500012	0.2361899	5.32863
2970	-5708.17	-5880.764	172.5938	1.102541	1.663851	0.306736	4.819618
2976	-5708.028	-5880.178	172.15	1.063908	1.560705	0.2345756	5.227252
2982	-5703.871	-5874.237	170.3655	1.063908	1.560705	0.205396	6.250071
2988	-5713.891	-5884.948	171.0568	0.9602382	1.294612	0.3084875	5.895524
2994	-5718.11	-5890.563	172.4529	1.070431	1.638166	0.2544816	4.99651
3000	-5712.15	-5884.382	172.232	1.064128	1.286783	0.2544816	5.268607
3006	-5705.247	-5879.184	173.937	1.154576	1.286783	0.2332463	4.297145
3012	-5711.265	-5883.915	172.6505	1.1273	1.551118	0.2847367	4.846805
3018	-5709.007	-5878.92	169.9128	1.036726	1.639946	0.2847367	6.366223
3024	-5705.575	-5876.339	170.7634	1.095316	1.572146	0.2817969	5.900835
3030	-5707.492	-5877.017	169.5244	1.025205	1.549151	0.2129682	6.719279
3036	-5717.664	-5887.816	170.1528	1.059097	1.549151	0.2129682	6.360744
3042	-5709.176	-5880.319	171.1426	1.095802	1.549151	0.2129682	5.801433
3048	-5708.715	-5879.472	170.7576	1.083854	1.65499	0.1915893	6.012612
3054	-5710.361	-5882.305	171.9437	1.162959	1.500665	0.2134527	5.343026
3060	-5707.53	-5879.81	172.2806	1.008777	1.225973	0.2280497	5.339596
3066	-5703.03	-5874.114	171.0836	1.042467	1.908955	0.1921318	5.766956
3072	-5703.898	-5874.407	170.5095	1.044874	1.596122	0.2256554	6.137001
3078	-5700.935	-5871.8	170.8651	1.021378	1.217263	0.2120091	6.137001
3084	-5717.875	-5891.033	173.1582	1.220759	1.373061	0.2564309	4.624753
3090	-5721.2	-5895.045	173.8452	1.220759	1.373061	0.2564309	4.237511
3096	-5708.086	-5880.372	172.2861	1.220759	1.373061	0.2564309	5.110738
3102	-5723.289	-5894.851	171.5624	1.250942	1.834241	0.220483	5.369068
3108	-5716.124	-5887.009	170.8847	1.109348	1.834241	0.2094836	5.836156
3114	-5708.128	-5879.101	170.973	1.009775	1.330936	0.2432092	5.985861
3120	-5704.005	-5874.865	170.8599	1.124729	1.454213	0.2081112	5.985861
3126	-5700.917	-5874.428	173.5104	1.251138	1.449901	0.2531959	4.380989
3132	-5705.16	-5878.259	173.0987	1.203051	1.102775	0.2232026	4.846641
3138	-5716.856	-5890.201	173.3452	1.306653	1.432562	0.178862	4.570086
3144	-5711.669	-5885.562	173.8934	1.30045	1.281005	0.2783676	4.175927
3150	-5707.665	-5878.564	170.8998	0.9709149	1.643841	0.2775134	5.872708
3156	-5696.434	-5867.751	171.3164	0.9783038	1.167028	0.2775134	5.843472
3162	-5705.552	-5875.989	170.4371	0.9512348	1.167028	0.2775134	6.337168
3168	-5703.839	-5875.551	171.7121	1.014648	1.485342	0.3560814	5.367462
3174	-5706.271	-5877.927	171.6554	0.9452597	1.297866	0.2973454	5.58854
3180	-5698.887	-5870.051	171.1642	1.046047	1.378805	0.2012984	5.905276
3186	-5693.417	-5864.059	170.642	0.9537673	1.080503	0.2732022	6.273363
3192	-5716.587	-5886.357	169.7692	0.9814031	1.154989	0.2732022	6.694166
3198	-5714.67	-5885.823	171.1527	1.055033	1.339918	0.2171368	5.898278
3204	-5716.924	-5887.432	170.508	1.020902	1.713308	0.211792	6.128831
3210	-5704.88	-5876.139	171.2582	1.035457	1.488748	0.2739119	5.706372
3216	-5706.914	-5877.045	170.1305	1.066408	1.888057	0.2295655	6.221609
3222	-5724.563	-5894.029	169.4661	0.9978996	1.859867	0.2295655	6.628405
3228	-5728.822	-5898.792	169.9698	0.9377731	1.859867	0.2165438	6.407976
3234	-5711.331	-5882.589	171.2584	1.093279	1.649417	0.1671876	5.778331
3240	-5716.67	-5887.444	170.7748	1.168598	1.14518	0.2378549	6.101396
3246	-5709.093	-5881.285	172.1917	1.135235	1.433985	0.2378549	5.211388
3252	-5719.271	-5890.459	171.188	1.164699	1.957252	0.1671876	5.670323
3258	-5705.892	-5877.281	171.3889	1.116216	1.50266	0.2151908	5.670323
3264	-5711.763	-5880.953	169.1904	0.889866	1.444734	0.2327666	6.983935
3270	-5717.061	-5889.922	172.8613	1.172227	1.272128	0.2151908	4.925775
3276	-5707.716	-5881.079	173.3629	1.212667	1.853975	0.2151908	4.388471
3282	-5704.282	-5876.457	172.1745	1.092171	1.43247	0.2610805	5.211694
3288	-5707.072	-5878.905	171.8322	1.225212	1.383205	0.2324702	5.389832
3294	-5711.482	-5884.979	173.4965	1.223419	1.498263	0.1961148	4.474127
3300	-5725.077	-5898.274	173.1973	1.242507	1.657257	0.1621099	4.629229
3306	-5720.365	-5893.456	173.0904	1.312587	1.657257	0.1789041	4.619069
3312	-5715.507	-5887.663	172.156	1.087779	1.458319	0.2619293	5.212369
3318	-5709.973	-5880.889	170.9168	0.9658792	1.435327	0.1695068	6.114309
3324	-5715.179	-5884.978	169.7988	1.000997	1.411774	0.2216723	6.625756
3330	-5719.706	-5890.475	170.7691	0.9680703	1.374461	0.3051849	6.017368
3336	-5720.903	-5891.863	170.9597	0.9803431	1.806506	0.2128305	5.869958
3342	-5715.676	-5884.234	168.5578	0.9748108	1.233949	0.2128305	7.399141
3306	-5751.049	-5921.894	170.8444	1.024256	1.381508	0.2371177	6.035138
3312	-5728.006	-5898.207	170.2012	1.027934	1.566802	0.2271512	6.322779
3318	-5717.586	-5888.618	171.0317	0.9901414	1.309674	0.2271512	5.997748
3324	-5712.838	-5883.753	170.9149	0.9517458	1.309674	0.2874528	5.997748
3330	-5721.447	-5892.712	171.2651	1.071837	1.309674	0.2398257	5.806749
3336	-5720.112	-5891.904	171.7919	0.9886252	1.271701	0.2311356	5.593674
3342	-5706.565	-5876.457	169.8919	0.9765618	1.146483	0.2311356	6.693757
3348	-5705.327	-5875.724	170.3975	0.9783556	1.146483	0.2310083	6.41928
3354	-5713.337	-5883.627	170.2904	1.03027	1.208967	0.2310083	6.41928
3360	-5705.458	-5876.287	170.8288	1.02131	1.208967	0.2310083	6.131624
3366	-5710.076	-5880.85	170.774	1.076138	1.208967	0.2310083	6.131624
3372	-5705.264	-5875.901	170.6373	1.069779	1.208967	0.2868275	6.131624
3378	-5711.202	-5881.119	169.9169	0.8534062	1.409669	0.2868275	6.55118
3384	-5697.881	-5867.733	169.8526	0.8932884	1.409669	0.2868275	6.564415
3390	-5706.922	-5875.441	168.5186	0.9349385	1.441912	0.2131655	7.351475
3396	-5705.5	-5875.847	170.3471	0.9812206	1.441912	0.3184482	6.19534
3402	-5723.032	-5895.53	172.4975	1.11071	1.283927	0.3593455	4.962918
3408	-5716.317	-5886.752	170.4349	0.966951	1.400597	0.3593455	6.124585
3414	-5705.946	-5875.257	169.3106	0.9295701	1.400597	0.2537056	6.885962
3420	-5712.384	-5881.851	169.4664	0.9543734	1.50052	0.2402	6.767092
3426	-5708.388	-5882.061	173.6729	1.173641	1.50052	0.2402	4.331088
3432	-5714.615	-5888.187	173.5722	1.176457	1.50052	0.2784651	4.331088
3438	-5712.322	-5882.395	170.0729	0.9388244	1.50052	0.2873842	6.382633
3444	-5716.704	-5886.79	170.086	0.9257895	1.50052	0.2873842	6.382633
3450	-5697.204	-5867.661	170.4564	0.9801425	1.515828	0.2603629	6.182027
3456	-5697.946	-5868.563	170.6167	0.9901401	1.269703	0.2688633	6.182027
3462	-5696.9	-5867.08	170.1797	1.070002	1.457968	0.2688633	6.295216
3468	-5710.064	-5881.674	171.6101	1.070002	1.385049	0.2688633	5.544433
3474	-5706.811	-5877.59	170.7796	1.020488	1.385049	0.294727	5.991846
3480	-5723.039	-5895.073	172.0336	1.19077	1.650863	0.3004737	5.095076
3486	-5710.035	-5882.08	172.0445	1.083598	1.650863	0.2549537	5.210114
3492	-5705.281	-5877.314	172.0327	1.09838	1.279784	0.2549537	5.362237
3498	-5706.581	-5878.06	171.4796	1.09838	1.279784	0.2551433	5.666108
3504	-5706.672	-5878.228	171.5569	1.11443	1.279784	0.2205252	5.666108
3510	-5709.538	-5881.282	171.7439	1.082174	1.319312	0.2545571	5.512872
3516	-5698.553	-5868.633	170.0799	0.9738259	1.423276	0.2545571	6.435498
3522	-5699.083	-5868.67	169.587	1.000435	1.423276	0.2469133	6.698687
3528	-5710.227	-5880.686	170.4595	1.023194	1.423276	0.2978321	6.144741
3534	-5708.059	-5878.874	170.8157	1.01267	1.423276	0.2978321	5.956322
3540	-5716.149	-5888.035	171.8862	1.016346	1.524455	0.2279976	5.423403
3546	-5706.503	-5877.866	171.3625	1.048835	1.524455	0.2279976	5.693291
3552	-5711.937	-5883.418	171.4811	1.103175	1.522945	0.3413986	5.447906
3558	-5702.319	-5874.984	172.6648	1.190369	1.332847	0.279325	4.90319
3564	-5703.269	-5876.863	173.5944	1.203262	1.467278	0.279325	4.316092
3570	-5715.282	-5889.185	173.9025	1.260838	1.550142	0.2151449	4.170487
3576	-5709.304	-5882.549	173.2452	1.249116	1.356986	0.1995809	4.655476
3582	-5696.843	-5869.941	173.0979	1.210028	1.449544	0.2401864	4.655476
3588	-5703.216	-5876.496	173.2805	1.200587	1.244755	0.3018507	4.56396
3594	-5709.567	-5882.413	172.8456	1.234937	1.650504	0.3018507	4.616128
3600	-5716.359	-5890.565	174.2058	1.411394	1.650504	0.3018507	3.742953
3606	-5710.79	-5886.466	175.6751	1.404107	1.182924	0.2839074	3.123174
3612	-5715.696	-5890.118	174.4216	1.400568	1.182924	0.2839074	3.857202
3618	-5706.512	-5879.466	172.9542	1.148821	1.418201	0.2979021	4.70272
3624	-5702.96	-5876.132	173.1725	1.274174	1.73609	0.3436585	4.325462
3630	-5716.336	-5889.883	173.5467	1.241548	1.259542	0.1713563	4.584666
3636	-5711.798	-5885.096	173.2982	1.227047	1.259542	0.1938738	4.692325
3642	-5717.292	-5890.163	172.8711	1.152068	2.060876	0.2447091	4.584096
3648	-5725.601	-5897.935	172.334	1.10142	2.060876	0.2447091	4.91254
3654	-5714.653	-5884.284	169.6312	1.036454	1.377732	0.2613315	6.65421
3660	-5708.668	-5879.352	170.6835	1.010527	1.377732	0.2083672	6.175757
3666	-5705.708	-5875.565	169.8572	0.9531321	1.29359	0.3038311	6.557895
3672	-5708.88	-5880.126	171.2461	1.139158	1.29359	0.2650507	5.751609
3678	-5717.344	-5887.83	170.4854	1.13483	1.669032	0.2650507	6.016977
3684	-5710.307	-5882.028	171.7206	1.046506	1.523014	0.2301491	5.495269
3690	-5703.142	-5874.876	171.7338	1.080185	1.324484	0.2301491	5.553015
3696	-5716.404	-5888.261	171.8568	1.149658	1.102066	0.2301491	5.553015
3702	-5727.69	-5898.657	170.9671	1.098207	1.234627	0.2023294	6.046965
3708	-5716.517	-5888.003	171.4862	1.118497	1.725623	0.278098	5.439219
3714	-5715.11	-5886.264	171.1536	1.112498	1.55698	0.2592196	5.714564
3720	-5714.843	-5885.598	170.7547	1.038567	1.493087	0.2351964	6.032888
3726	-5725.837	-5895.359	169.5212	0.9401371	1.409865	0.2713497	6.738594
3732	-5712.937	-5882.585	169.6474	0.9121548	1.409865	0.2438784	6.723646
3738	-5707.05	-5877.641	170.5914	1.058809	1.57886	0.2438784	6.064455
3744	-5705.199	-5876.116	170.9165	1.03322	1.169028	0.2438784	6.07756
3750	-5700.616	-5872.16	171.544	1.039004	1.644636	0.2438784	5.529
3756	-5706.421	-5879.773	173.352	1.164158	1.644636	0.2438784	4.454341
3762	-5717.348	-5889.44	172.0919	1.049785	1.490877	0.2445082	5.280366
3768	-5720.089	-5893.506	173.4168	1.208623	1.300441	0.2445082	4.536606
3774	-5708.264	-5880.249	171.9849	1.220018	1.46956	0.2270162	5.280372
3780	-5707.646	-5879.85	172.2041	1.045619	1.46956	0.2270162	5.255652
3786	-5702.646	-5874.776	172.1306	1.088707	1.46956	0.2381322	5.255652
3792	-5701.753	-5874.023	172.2698	1.070165	1.401151	0.2381322	5.217693
3798	-5698.834	-5870.783	171.9491	1.065011	1.498524	0.2381322	5.357104
3804	-5704.542	-5875.52	170.9785	1.062388	1.498524	0.2381322	5.891205
3810	-5701.397	-5872.133	170.7358	0.9521677	1.39034	0.2173659	6.159577
3804	-5725.81	-5896.657	170.8472	1.132858	1.497272	0.3248233	5.809546
3810	-5714.656	-5886.342	171.6868	1.042176	1.370186	0.3248233	5.451626
3816	-5704.145	-5876.565	172.4202	1.134157	1.56619	0.2099166	5.074929
3822	-5705.628	-5878.293	172.6651	1.20776	1.630121	0.2068476	4.878034
3828	-5700.506	-5872.891	172.3844	1.211731	1.412575	0.2405937	5.067267
3834	-5708.095	-5878.622	170.5269	0.9944779	1.412575	0.2710956	6.163248
3840	-5705.637	-5876.143	170.5057	1.035673	1.38176	0.2726476	6.163248
3846	-5712.301	-5883.276	170.9743	0.9342391	1.38176	0.2025743	6.066554
3852	-5714.612	-5887.12	172.5083	1.025914	1.36399	0.2722055	5.077487
3858	-5714.333	-5888.13	173.7969	1.301972	1.424631	0.2722055	4.173555
3864	-5711.022	-5884.072	173.0499	1.125708	1.406914	0.2518176	4.730527
3870	-5710.369	-5882.715	172.3466	1.20919	1.406914	0.2310821	5.106356
3876	-5699.923	-5872.819	172.8961	1.240178	1.318568	0.2310821	4.82245
3882	-5703.679	-5876.304	172.6253	1.164609	1.620987	0.1745136	4.982995
3888	-5704.628	-5876.473	171.8442	1.17872	1.649443	0.1745136	5.396562
3894	-5701.588	-5871.755	170.1674	0.9951862	1.649443	0.2150581	6.346182
3900	-5712.856	-5882.894	170.0379	0.9732417	1.541752	0.3364923	6.306057
3906	-5716.422	-5886.837	170.4152	0.9245976	1.134059	0.3364923	6.306057
3912	-5721.372	-5892.543	171.1718	1.174076	1.73416	0.2507269	5.616427
3918	-5723.34	-5893.42	170.0797	0.9770835	1.06992	0.2478586	6.605991
3924	-5709.903	-5881.49	171.5871	1.236132	1.663967	0.1857028	5.481544
3930	-5711.193	-5884.404	173.2104	1.166402	1.663967	0.3363875	4.400862
3936	-5706.599	-5879.648	173.0484	1.296249	1.593925	0.3749498	4.400862
3942	-5718.526	-5893.023	174.4965	1.276206	1.521505	0.2725613	3.746133
3948	-5707.727	-5881.876	174.149	1.240694	1.392477	0.2725613	4.021537
3954	-5722.807	-5893.757	170.9492	1.031106	1.64098	0.2059114	5.918593
3960	-5720.719	-5891.397	170.6776	1.066807	1.907677	0.2283447	5.918593
3966	-5718.753	-5890.797	172.0443	1.177741	1.243053	0.151604	5.498982
3972	-5715.657	-5885.622	169.9647	1.068364	1.62488	0.2889162	6.321066
3978	-5706.437	-5878.157	171.7198	1.15182	1.62488	0.2563824	5.359572
3984	-5714.826	-5887.537	172.7117	1.204873	1.251055	0.2750349	4.912397
3990	-5716.23	-5888.047	171.8171	1.040413	1.346046	0.1922613	5.579849
3996	-5704.52	-5876.879	172.3587	1.147163	1.346046	0.2427422	5.143033
4002	-5709.492	-5881.908	172.4155	1.155014	1.346046	0.2427422	5.107195
4008	-5721.21	-5895.309	174.0988	1.255382	1.346046	0.2601002	4.080527
4014	-5720.225	-5893.698	173.4724	1.255382	1.473211	0.2772484	4.35596
4020	-5708.513	-5881.797	173.2837	1.249976	1.473211	0.2212265	4.548064
4026	-5706.413	-5879.637	173.2244	1.134538	0.9702409	0.2728905	4.813892
4032	-5724.545	-5897.906	173.3611	1.101566	0.9702409	0.2329588	4.813892
4038	-5718.052	-5889.333	171.2808	1.030024	1.531651	0.2329588	5.738004
4044	-5709.993	-5878.75	168.7566	0.958636	1.493152	0.2066571	7.20056
4050	-5714.245	-5885.65	171.4047	1.089258	1.129286	0.2647332	5.770443
4056	-5706.897	-5879.019	172.1223	1.051455	1.072168	0.2920244	5.389581
4062	-5707.198	-5878.54	171.3422	1.107081	1.366197	0.3082382	5.627574
4068	-5709.926	-5880.675	170.7496	0.9890276	1.471047	0.3082382	5.972442
4074	-5698.284	-5869.662	171.3778	1.00769	1.327858	0.250597	5.756505
4080	-5710.986	-5882.244	171.2573	1.07033	1.298257	0.283229	5.756505
4086	-5707.176	-5879.521	172.3449	1.129313	1.268159	0.3279834	5.081786
4092	-5706.124	-5876.914	170.7899	1.072174	1.59256	0.3279834	5.832873
4098	-5705.004	-5876.646	171.6415	1.016374	1.553729	0.2520492	5.510961
4104	-5706.519	-5878.139	171.6197	1.057687	1.528104	0.2828657	5.46785
4110	-5714.791	-5886.431	171.6403	1.034451	1.151371	0.2017117	5.754803
4116	-5713.43	-5884.359	170.9289	1.181897	1.263391	0.2089649	5.998262
4122	-5719.2	-5889.702	170.5016	0.9667131	1.263391	0.3024675	6.216243
4128	-5710.543	-5881.749	171.2066	1.046853	1.302006	0.3024675	5.770502
4134	-5714.108	-5885.396	171.2872	1.096214	1.730273	0.2020331	5.671494
4140	-5708.604	-5881.307	172.7036	1.171365	1.638396	0.2020331	4.881602
4146	-5701.824	-5874.36	172.5361	1.12218	1.575936	0.2295929	4.982477
4152	-5717.299	-5890.001	172.7024	1.198133	1.516076	0.2368339	4.860569
4158	-5708.339	-5881.114	172.7749	1.288603	1.344485	0.2005523	4.900018
4164	-5703.273	-5876.093	172.8197	1.232239	1.142727	0.2518278	4.922381
4170	-5700.838	-5873.804	172.9664	1.166266	1.143486	0.3157938	4.790788
4176	-5699.64	-5873.203	173.5632	1.203028	1.410024	0.2023995	4.474826
4182	-5706.639	-5880.252	173.6136	1.239948	1.131841	0.2367765	4.501839
4188	-5706.614	-5879.155	172.5402	1.114535	1.303512	0.2367765	5.088438
4194	-5700.944	-5873.727	172.7837	1.133803	1.602297	0.2367765	4.816929
4200	-5709.844	-5882.246	172.4018	1.124209	1.602297	0.2367765	5.034798
4206	-5704.511	-5877.576	173.0649	1.022014	1.282796	0.2367765	4.857658
4212	-5718.525	-5887.6	169.0747	0.9583903	1.694595	0.2036442	6.95837
4218	-5712.292	-5880.568	168.2759	0.8652713	1.694595	0.2964911	7.30685
4224	-5713.428	-5883.113	169.6851	0.9558686	1.516251	0.3168261	6.540323
4230	-5702.835	-5872.155	169.3202	0.9211991	1.492984	0.2640021	6.833444
4236	-5719.306	-5890.917	171.6109	1.010964	1.436241	0.1723297	5.705081
4242	-5718.901	-5887.391	168.4899	1.03102	1.341114	0.2390109	7.318874
4248	-5719.558	-5890.67	171.1119	1.018265	1.229362	0.2390109	5.957529
4254	-5715.39	-5885.743	170.3529	1.006096	1.229362	0.2390109	6.377181
4260	-5715.218	-5887.073	171.8547	1.197171	1.436241	0.2199512	5.38954
4266	-5716.149	-5886.363	170.2142	1.144715	1.436241	0.2199512	6.315315
4272	-5716.576	-5887.454	170.8778	1.026115	1.436241	0.24904	5.975597
4278	-5723.697	-5895.76	172.0624	1.058534	1.481864	0.24904	5.288956
4284	-5712.163	-5882.298	170.1355	0.9484822	1.336193	0.3128826	6.379618
4290	-5712.158	-5882.307	170.1489	0.9520054	1.336193	0.2688807	6.427216
4296	-5716.08	-5888.076	171.9954	1.091732	1.452917	0.2688807	5.291542
